This is pdfTeX, Version 3.14159265-2.6-1.40.21 (TeX Live 2020) (preloaded format=pdflatex 2020.9.9)  13 SEP 2020 18:56
entering extended mode
 restricted \write18 enabled.
 %&-line parsing enabled.
**thesis.tex
(./thesis.tex
LaTeX2e <2020-02-02> patch level 5
L3 programming layer <2020-09-06> (./bristolthesis.cls
Document Class: bristolthesis 
(/Users/ml16847/Library/TinyTeX/texmf-dist/tex/latex/base/book.cls
Document Class: book 2019/12/20 v1.4l Standard LaTeX document class
(/Users/ml16847/Library/TinyTeX/texmf-dist/tex/latex/base/bk11.clo
File: bk11.clo 2019/12/20 v1.4l Standard LaTeX file (size option)
)
\c@part=\count168
\c@chapter=\count169
\c@section=\count170
\c@subsection=\count171
\c@subsubsection=\count172
\c@paragraph=\count173
\c@subparagraph=\count174
\c@figure=\count175
\c@table=\count176
\abovecaptionskip=\skip47
\belowcaptionskip=\skip48
\bibindent=\dimen134
) (/Users/ml16847/Library/TinyTeX/texmf-dist/tex/latex/fancyhdr/fancyhdr.sty
Package: fancyhdr 2019/01/31 v3.10 Extensive control of page headers and footer
s
\f@nch@headwidth=\skip49
\f@nch@O@elh=\skip50
\f@nch@O@erh=\skip51
\f@nch@O@olh=\skip52
\f@nch@O@orh=\skip53
\f@nch@O@elf=\skip54
\f@nch@O@erf=\skip55
\f@nch@O@olf=\skip56
\f@nch@O@orf=\skip57
) (/Users/ml16847/Library/TinyTeX/texmf-dist/tex/latex/fancyvrb/fancyvrb.sty
Package: fancyvrb 2020/05/03 v3.6 verbatim text (tvz,hv)
(/Users/ml16847/Library/TinyTeX/texmf-dist/tex/latex/graphics/keyval.sty
Package: keyval 2014/10/28 v1.15 key=value parser (DPC)
\KV@toks@=\toks15
)
\FV@CodeLineNo=\count177
\FV@InFile=\read2
\FV@TabBox=\box45
\c@FancyVerbLine=\count178
\FV@StepNumber=\count179
\FV@OutFile=\write3
) (/Users/ml16847/Library/TinyTeX/texmf-dist/tex/generic/iftex/ifxetex.sty
Package: ifxetex 2019/10/25 v0.7 ifxetex legacy package. Use iftex instead.
(/Users/ml16847/Library/TinyTeX/texmf-dist/tex/generic/iftex/iftex.sty
Package: iftex 2020/03/06 v1.0d TeX engine tests
)) (/Users/ml16847/Library/TinyTeX/texmf-dist/tex/generic/iftex/ifluatex.sty
Package: ifluatex 2019/10/25 v1.5 ifluatex legacy package. Use iftex instead.
) (/Users/ml16847/Library/TinyTeX/texmf-dist/tex/latex/base/fixltx2e.sty
Package: fixltx2e 2016/12/29 v2.1a fixes to LaTeX (obsolete)
Applying: [2015/01/01] Old fixltx2e package on input line 46.

Package fixltx2e Warning: fixltx2e is not required with releases after 2015
(fixltx2e)                All fixes are now in the LaTeX kernel.
(fixltx2e)                See the latexrelease package for details.

Already applied: [0000/00/00] Old fixltx2e package on input line 53.
) (/Users/ml16847/Library/TinyTeX/texmf-dist/tex/latex/base/fontenc.sty
Package: fontenc 2020/02/11 v2.0o Standard LaTeX package
) (/Users/ml16847/Library/TinyTeX/texmf-dist/tex/latex/base/inputenc.sty
Package: inputenc 2018/08/11 v1.3c Input encoding file
\inpenc@prehook=\toks16
\inpenc@posthook=\toks17
) (/Users/ml16847/Library/TinyTeX/texmf-dist/tex/latex/upquote/upquote.sty
Package: upquote 2012/04/19 v1.3 upright-quote and grave-accent glyphs in verba
tim
(/Users/ml16847/Library/TinyTeX/texmf-dist/tex/latex/base/textcomp.sty
Package: textcomp 2020/02/02 v2.0n Standard LaTeX package
)) (/Users/ml16847/Library/TinyTeX/texmf-dist/tex/latex/graphics/color.sty
Package: color 2019/11/23 v1.2a Standard LaTeX Color (DPC)
(/Users/ml16847/Library/TinyTeX/texmf-dist/tex/latex/graphics-cfg/color.cfg
File: color.cfg 2016/01/02 v1.6 sample color configuration
)
Package color Info: Driver file: pdftex.def on input line 147.
(/Users/ml16847/Library/TinyTeX/texmf-dist/tex/latex/graphics-def/pdftex.def
File: pdftex.def 2020/08/26 v1.2 Graphics/color driver for pdftex
)) (/Users/ml16847/Library/TinyTeX/texmf-dist/tex/latex/framed/framed.sty
Package: framed 2011/10/22 v 0.96: framed or shaded text with page breaks
\OuterFrameSep=\skip58
\fb@frw=\dimen135
\fb@frh=\dimen136
\FrameRule=\dimen137
\FrameSep=\dimen138
)) (/Users/ml16847/Library/TinyTeX/texmf-dist/tex/latex/graphics/graphicx.sty
Package: graphicx 2019/11/30 v1.2a Enhanced LaTeX Graphics (DPC,SPQR)
(/Users/ml16847/Library/TinyTeX/texmf-dist/tex/latex/graphics/graphics.sty
Package: graphics 2019/11/30 v1.4a Standard LaTeX Graphics (DPC,SPQR)
(/Users/ml16847/Library/TinyTeX/texmf-dist/tex/latex/graphics/trig.sty
Package: trig 2016/01/03 v1.10 sin cos tan (DPC)
) (/Users/ml16847/Library/TinyTeX/texmf-dist/tex/latex/graphics-cfg/graphics.cf
g
File: graphics.cfg 2016/06/04 v1.11 sample graphics configuration
)
Package graphics Info: Driver file: pdftex.def on input line 105.
)
\Gin@req@height=\dimen139
\Gin@req@width=\dimen140
) (/Users/ml16847/Library/TinyTeX/texmf-dist/tex/latex/base/latexsym.sty
Package: latexsym 1998/08/17 v2.2e Standard LaTeX package (lasy symbols)
\symlasy=\mathgroup4
LaTeX Font Info:    Overwriting symbol font `lasy' in version `bold'
(Font)                  U/lasy/m/n --> U/lasy/b/n on input line 52.
) (/Users/ml16847/Library/TinyTeX/texmf-dist/tex/latex/amsmath/amsmath.sty
Package: amsmath 2020/01/20 v2.17e AMS math features
\@mathmargin=\skip59
For additional information on amsmath, use the `?' option.
(/Users/ml16847/Library/TinyTeX/texmf-dist/tex/latex/amsmath/amstext.sty
Package: amstext 2000/06/29 v2.01 AMS text
(/Users/ml16847/Library/TinyTeX/texmf-dist/tex/latex/amsmath/amsgen.sty
File: amsgen.sty 1999/11/30 v2.0 generic functions
\@emptytoks=\toks18
\ex@=\dimen141
)) (/Users/ml16847/Library/TinyTeX/texmf-dist/tex/latex/amsmath/amsbsy.sty
Package: amsbsy 1999/11/29 v1.2d Bold Symbols
\pmbraise@=\dimen142
) (/Users/ml16847/Library/TinyTeX/texmf-dist/tex/latex/amsmath/amsopn.sty
Package: amsopn 2016/03/08 v2.02 operator names
)
\inf@bad=\count180
LaTeX Info: Redefining \frac on input line 227.
\uproot@=\count181
\leftroot@=\count182
LaTeX Info: Redefining \overline on input line 389.
\classnum@=\count183
\DOTSCASE@=\count184
LaTeX Info: Redefining \ldots on input line 486.
LaTeX Info: Redefining \dots on input line 489.
LaTeX Info: Redefining \cdots on input line 610.
\Mathstrutbox@=\box46
\strutbox@=\box47
\big@size=\dimen143
LaTeX Font Info:    Redeclaring font encoding OML on input line 733.
LaTeX Font Info:    Redeclaring font encoding OMS on input line 734.
\macc@depth=\count185
\c@MaxMatrixCols=\count186
\dotsspace@=\muskip16
\c@parentequation=\count187
\dspbrk@lvl=\count188
\tag@help=\toks19
\row@=\count189
\column@=\count190
\maxfields@=\count191
\andhelp@=\toks20
\eqnshift@=\dimen144
\alignsep@=\dimen145
\tagshift@=\dimen146
\tagwidth@=\dimen147
\totwidth@=\dimen148
\lineht@=\dimen149
\@envbody=\toks21
\multlinegap=\skip60
\multlinetaggap=\skip61
\mathdisplay@stack=\toks22
LaTeX Info: Redefining \[ on input line 2859.
LaTeX Info: Redefining \] on input line 2860.
) (/Users/ml16847/Library/TinyTeX/texmf-dist/tex/latex/amsfonts/amssymb.sty
Package: amssymb 2013/01/14 v3.01 AMS font symbols
(/Users/ml16847/Library/TinyTeX/texmf-dist/tex/latex/amsfonts/amsfonts.sty
Package: amsfonts 2013/01/14 v3.01 Basic AMSFonts support
\symAMSa=\mathgroup5
\symAMSb=\mathgroup6
LaTeX Font Info:    Redeclaring math symbol \hbar on input line 98.
LaTeX Font Info:    Overwriting math alphabet `\mathfrak' in version `bold'
(Font)                  U/euf/m/n --> U/euf/b/n on input line 106.
)) (/Users/ml16847/Library/TinyTeX/texmf-dist/tex/latex/amscls/amsthm.sty
Package: amsthm 2020/05/29 v2.20.6
\thm@style=\toks23
\thm@bodyfont=\toks24
\thm@headfont=\toks25
\thm@notefont=\toks26
\thm@headpunct=\toks27
\thm@preskip=\skip62
\thm@postskip=\skip63
\thm@headsep=\skip64
\dth@everypar=\toks28
) (/Users/ml16847/Library/TinyTeX/texmf-dist/tex/latex/tools/longtable.sty
Package: longtable 2020/01/07 v4.13 Multi-page Table package (DPC)
\LTleft=\skip65
\LTright=\skip66
\LTpre=\skip67
\LTpost=\skip68
\LTchunksize=\count192
\LTcapwidth=\dimen150
\LT@head=\box48
\LT@firsthead=\box49
\LT@foot=\box50
\LT@lastfoot=\box51
\LT@cols=\count193
\LT@rows=\count194
\c@LT@tables=\count195
\c@LT@chunks=\count196
\LT@p@ftn=\toks29
) (/Users/ml16847/Library/TinyTeX/texmf-dist/tex/latex/booktabs/booktabs.sty
Package: booktabs 2020/01/12 v1.61803398 Publication quality tables
\heavyrulewidth=\dimen151
\lightrulewidth=\dimen152
\cmidrulewidth=\dimen153
\belowrulesep=\dimen154
\belowbottomsep=\dimen155
\aboverulesep=\dimen156
\abovetopsep=\dimen157
\cmidrulesep=\dimen158
\cmidrulekern=\dimen159
\defaultaddspace=\dimen160
\@cmidla=\count197
\@cmidlb=\count198
\@aboverulesep=\dimen161
\@belowrulesep=\dimen162
\@thisruleclass=\count199
\@lastruleclass=\count266
\@thisrulewidth=\dimen163
) (/Users/ml16847/Library/TinyTeX/texmf-dist/tex/latex/setspace/setspace.sty
Package: setspace 2011/12/19 v6.7a set line spacing
) (/Users/ml16847/Library/TinyTeX/texmf-dist/tex/latex/siunitx/siunitx.sty (/Us
ers/ml16847/Library/TinyTeX/texmf-dist/tex/latex/l3kernel/expl3.sty
Package: expl3 2020-09-06 L3 programming layer (loader) 

(/Users/ml16847/Library/TinyTeX/texmf-dist/tex/latex/l3backend/l3backend-pdftex
.def
File: l3backend-pdftex.def 2020-09-01 L3 backend support: PDF output (pdfTeX)
\l__kernel_color_stack_int=\count267
\l__pdf_internal_box=\box52
))
(/Users/ml16847/Library/TinyTeX/texmf-dist/tex/latex/l3packages/xparse/xparse.s
ty
Package: xparse 2020-05-15 L3 Experimental document command parser

(/Users/ml16847/Library/TinyTeX/texmf-dist/tex/latex/l3packages/xparse/xparse-g
eneric.tex
\l__xparse_current_arg_int=\count268
\g__xparse_grabber_int=\count269
\l__xparse_m_args_int=\count270
\l__xparse_v_nesting_int=\count271
))
Package: siunitx 2020/02/25 v2.8b A comprehensive (SI) units package
(/Users/ml16847/Library/TinyTeX/texmf-dist/tex/latex/tools/array.sty
Package: array 2019/08/31 v2.4l Tabular extension package (FMi)
\col@sep=\dimen164
\ar@mcellbox=\box53
\extrarowheight=\dimen165
\NC@list=\toks30
\extratabsurround=\skip69
\backup@length=\skip70
\ar@cellbox=\box54
)
(/Users/ml16847/Library/TinyTeX/texmf-dist/tex/latex/l3packages/l3keys2e/l3keys
2e.sty
Package: l3keys2e 2020-05-15 LaTeX2e option processing using LaTeX3 keys
)
\l__siunitx_tmp_box=\box55
\l__siunitx_tmp_dim=\dimen166
\l__siunitx_tmp_int=\count272
\l__siunitx_number_mantissa_length_int=\count273
\l__siunitx_number_uncert_length_int=\count274
\l__siunitx_round_int=\count275
\l__siunitx_process_decimal_int=\count276
\l__siunitx_process_uncertainty_int=\count277
\l__siunitx_process_fixed_int=\count278
\l__siunitx_process_integer_min_int=\count279
\l__siunitx_process_precision_int=\count280
\l__siunitx_group_min_int=\count281
\l__siunitx_angle_marker_box=\box56
\l__siunitx_angle_unit_box=\box57
\l__siunitx_angle_marker_dim=\dimen167
\l__siunitx_angle_unit_dim=\dimen168
\l__siunitx_unit_int=\count282
\l__siunitx_unit_denominator_int=\count283
\l__siunitx_unit_numerator_int=\count284
\l__siunitx_unit_prefix_int=\count285
\l__siunitx_unit_prefix_base_int=\count286
\l__siunitx_unit_prefix_gram_int=\count287
\l__siunitx_number_product_int=\count288
\c__siunitx_one_fill_skip=\skip71
\l__siunitx_table_unit_align_skip=\skip72
\l__siunitx_table_exponent_dim=\dimen169
\l__siunitx_table_integer_dim=\dimen170
\l__siunitx_table_mantissa_dim=\dimen171
\l__siunitx_table_marker_dim=\dimen172
\l__siunitx_table_result_dim=\dimen173
\l__siunitx_table_uncert_dim=\dimen174
\l__siunitx_table_fill_pre_dim=\dimen175
\l__siunitx_table_fill_post_dim=\dimen176
\l__siunitx_table_fill_mid_dim=\dimen177
\l__siunitx_table_pre_box=\box58
\l__siunitx_table_post_box=\box59
\l__siunitx_table_mantissa_box=\box60
\l__siunitx_table_result_box=\box61
\l__siunitx_table_number_align_skip=\skip73
\l__siunitx_table_text_align_skip=\skip74
) (/Users/ml16847/Library/TinyTeX/texmf-dist/tex/latex/url/url.sty
\Urlmuskip=\muskip17
Package: url 2013/09/16  ver 3.4  Verb mode for urls, etc.
) (/Users/ml16847/Library/TinyTeX/texmf-dist/tex/latex/hyperref/hyperref.sty
Package: hyperref 2020-05-15 v7.00e Hypertext links for LaTeX
(/Users/ml16847/Library/TinyTeX/texmf-dist/tex/generic/ltxcmds/ltxcmds.sty
Package: ltxcmds 2019/12/15 v1.24 LaTeX kernel commands for general use (HO)
)
(/Users/ml16847/Library/TinyTeX/texmf-dist/tex/generic/pdftexcmds/pdftexcmds.st
y
Package: pdftexcmds 2020-06-27 v0.33 Utility functions of pdfTeX for LuaTeX (HO
)
(/Users/ml16847/Library/TinyTeX/texmf-dist/tex/generic/infwarerr/infwarerr.sty
Package: infwarerr 2019/12/03 v1.5 Providing info/warning/error messages (HO)
)
Package pdftexcmds Info: \pdf@primitive is available.
Package pdftexcmds Info: \pdf@ifprimitive is available.
Package pdftexcmds Info: \pdfdraftmode found.
) (/Users/ml16847/Library/TinyTeX/texmf-dist/tex/generic/kvsetkeys/kvsetkeys.st
y
Package: kvsetkeys 2019/12/15 v1.18 Key value parser (HO)
)
(/Users/ml16847/Library/TinyTeX/texmf-dist/tex/generic/kvdefinekeys/kvdefinekey
s.sty
Package: kvdefinekeys 2019-12-19 v1.6 Define keys (HO)
) (/Users/ml16847/Library/TinyTeX/texmf-dist/tex/generic/pdfescape/pdfescape.st
y
Package: pdfescape 2019/12/09 v1.15 Implements pdfTeX's escape features (HO)
) (/Users/ml16847/Library/TinyTeX/texmf-dist/tex/latex/hycolor/hycolor.sty
Package: hycolor 2020-01-27 v1.10 Color options for hyperref/bookmark (HO)
)
(/Users/ml16847/Library/TinyTeX/texmf-dist/tex/latex/letltxmacro/letltxmacro.st
y
Package: letltxmacro 2019/12/03 v1.6 Let assignment for LaTeX macros (HO)
) (/Users/ml16847/Library/TinyTeX/texmf-dist/tex/latex/auxhook/auxhook.sty
Package: auxhook 2019-12-17 v1.6 Hooks for auxiliary files (HO)
) (/Users/ml16847/Library/TinyTeX/texmf-dist/tex/latex/kvoptions/kvoptions.sty
Package: kvoptions 2019/11/29 v3.13 Key value format for package options (HO)
)
\@linkdim=\dimen178
\Hy@linkcounter=\count289
\Hy@pagecounter=\count290
(/Users/ml16847/Library/TinyTeX/texmf-dist/tex/latex/hyperref/pd1enc.def
File: pd1enc.def 2020-05-15 v7.00e Hyperref: PDFDocEncoding definition (HO)
Now handling font encoding PD1 ...
... no UTF-8 mapping file for font encoding PD1
) (/Users/ml16847/Library/TinyTeX/texmf-dist/tex/generic/intcalc/intcalc.sty
Package: intcalc 2019/12/15 v1.3 Expandable calculations with integers (HO)
) (/Users/ml16847/Library/TinyTeX/texmf-dist/tex/generic/etexcmds/etexcmds.sty
Package: etexcmds 2019/12/15 v1.7 Avoid name clashes with e-TeX commands (HO)
)
\Hy@SavedSpaceFactor=\count291
Package hyperref Info: Hyper figures OFF on input line 4464.
Package hyperref Info: Link nesting OFF on input line 4469.
Package hyperref Info: Hyper index ON on input line 4472.
Package hyperref Info: Plain pages OFF on input line 4479.
Package hyperref Info: Backreferencing OFF on input line 4484.
Package hyperref Info: Implicit mode ON; LaTeX internals redefined.
Package hyperref Info: Bookmarks ON on input line 4717.
\c@Hy@tempcnt=\count292
LaTeX Info: Redefining \url on input line 5076.
\XeTeXLinkMargin=\dimen179
(/Users/ml16847/Library/TinyTeX/texmf-dist/tex/generic/bitset/bitset.sty
Package: bitset 2019/12/09 v1.3 Handle bit-vector datatype (HO)

(/Users/ml16847/Library/TinyTeX/texmf-dist/tex/generic/bigintcalc/bigintcalc.st
y
Package: bigintcalc 2019/12/15 v1.5 Expandable calculations on big integers (HO
)
))
\Fld@menulength=\count293
\Field@Width=\dimen180
\Fld@charsize=\dimen181
Package hyperref Info: Hyper figures OFF on input line 6347.
Package hyperref Info: Link nesting OFF on input line 6352.
Package hyperref Info: Hyper index ON on input line 6355.
Package hyperref Info: backreferencing OFF on input line 6362.
Package hyperref Info: Link coloring OFF on input line 6367.
Package hyperref Info: Link coloring with OCG OFF on input line 6372.
Package hyperref Info: PDF/A mode OFF on input line 6377.
LaTeX Info: Redefining \ref on input line 6417.
LaTeX Info: Redefining \pageref on input line 6421.
(/Users/ml16847/Library/TinyTeX/texmf-dist/tex/generic/atbegshi/atbegshi.sty
Package: atbegshi 2019/12/05 v1.19 At begin shipout hook (HO)
)
\Hy@abspage=\count294
\c@Item=\count295
\c@Hfootnote=\count296
)
Package hyperref Info: Driver (autodetected): hpdftex.
(/Users/ml16847/Library/TinyTeX/texmf-dist/tex/latex/hyperref/hpdftex.def
File: hpdftex.def 2020-05-15 v7.00e Hyperref driver for pdfTeX
(/Users/ml16847/Library/TinyTeX/texmf-dist/tex/latex/atveryend/atveryend.sty
Package: atveryend 2019-12-11 v1.11 Hooks at the very end of document (HO)
Package atveryend Info: \enddocument detected (standard20110627).
)
\Fld@listcount=\count297
\c@bookmark@seq@number=\count298

(/Users/ml16847/Library/TinyTeX/texmf-dist/tex/latex/rerunfilecheck/rerunfilech
eck.sty
Package: rerunfilecheck 2019/12/05 v1.9 Rerun checks for auxiliary files (HO)

(/Users/ml16847/Library/TinyTeX/texmf-dist/tex/generic/uniquecounter/uniquecoun
ter.sty
Package: uniquecounter 2019/12/15 v1.4 Provide unlimited unique counter (HO)
)
Package uniquecounter Info: New unique counter `rerunfilecheck' on input line 2
86.
)
\Hy@SectionHShift=\skip75
) (/Users/ml16847/Library/TinyTeX/texmf-dist/tex/latex/lm/lmodern.sty
Package: lmodern 2009/10/30 v1.6 Latin Modern Fonts
LaTeX Font Info:    Overwriting symbol font `operators' in version `normal'
(Font)                  OT1/cmr/m/n --> OT1/lmr/m/n on input line 22.
LaTeX Font Info:    Overwriting symbol font `letters' in version `normal'
(Font)                  OML/cmm/m/it --> OML/lmm/m/it on input line 23.
LaTeX Font Info:    Overwriting symbol font `symbols' in version `normal'
(Font)                  OMS/cmsy/m/n --> OMS/lmsy/m/n on input line 24.
LaTeX Font Info:    Overwriting symbol font `largesymbols' in version `normal'
(Font)                  OMX/cmex/m/n --> OMX/lmex/m/n on input line 25.
LaTeX Font Info:    Overwriting symbol font `operators' in version `bold'
(Font)                  OT1/cmr/bx/n --> OT1/lmr/bx/n on input line 26.
LaTeX Font Info:    Overwriting symbol font `letters' in version `bold'
(Font)                  OML/cmm/b/it --> OML/lmm/b/it on input line 27.
LaTeX Font Info:    Overwriting symbol font `symbols' in version `bold'
(Font)                  OMS/cmsy/b/n --> OMS/lmsy/b/n on input line 28.
LaTeX Font Info:    Overwriting symbol font `largesymbols' in version `bold'
(Font)                  OMX/cmex/m/n --> OMX/lmex/m/n on input line 29.
LaTeX Font Info:    Overwriting math alphabet `\mathbf' in version `normal'
(Font)                  OT1/cmr/bx/n --> OT1/lmr/bx/n on input line 31.
LaTeX Font Info:    Overwriting math alphabet `\mathsf' in version `normal'
(Font)                  OT1/cmss/m/n --> OT1/lmss/m/n on input line 32.
LaTeX Font Info:    Overwriting math alphabet `\mathit' in version `normal'
(Font)                  OT1/cmr/m/it --> OT1/lmr/m/it on input line 33.
LaTeX Font Info:    Overwriting math alphabet `\mathtt' in version `normal'
(Font)                  OT1/cmtt/m/n --> OT1/lmtt/m/n on input line 34.
LaTeX Font Info:    Overwriting math alphabet `\mathbf' in version `bold'
(Font)                  OT1/cmr/bx/n --> OT1/lmr/bx/n on input line 35.
LaTeX Font Info:    Overwriting math alphabet `\mathsf' in version `bold'
(Font)                  OT1/cmss/bx/n --> OT1/lmss/bx/n on input line 36.
LaTeX Font Info:    Overwriting math alphabet `\mathit' in version `bold'
(Font)                  OT1/cmr/bx/it --> OT1/lmr/bx/it on input line 37.
LaTeX Font Info:    Overwriting math alphabet `\mathtt' in version `bold'
(Font)                  OT1/cmtt/m/n --> OT1/lmtt/m/n on input line 38.
) (/Users/ml16847/Library/TinyTeX/texmf-dist/tex/latex/float/float.sty
Package: float 2001/11/08 v1.3d Float enhancements (AL)
\c@float@type=\count299
\float@exts=\toks31
\float@box=\box62
\@float@everytoks=\toks32
\@floatcapt=\box63
) (/Users/ml16847/Library/TinyTeX/texmf-dist/tex/latex/graphics/rotating.sty
Package: rotating 2016/08/11 v2.16d rotated objects in LaTeX
(/Users/ml16847/Library/TinyTeX/texmf-dist/tex/latex/base/ifthen.sty
Package: ifthen 2014/09/29 v1.1c Standard LaTeX ifthen package (DPC)
)
\c@r@tfl@t=\count300
\rotFPtop=\skip76
\rotFPbot=\skip77
\rot@float@box=\box64
\rot@mess@toks=\toks33
) (/Users/ml16847/Library/TinyTeX/texmf-dist/tex/latex/graphics/lscape.sty
Package: lscape 2000/10/22 v3.01 Landscape Pages (DPC)
)
Package hyperref Info: Option `colorlinks' set `false' on input line 36.
(/Users/ml16847/Library/TinyTeX/texmf-dist/tex/latex/psnfss/times.sty
Package: times 2020/03/25 PSNFSS-v9.3 (SPQR) 
) (/Users/ml16847/Library/TinyTeX/texmf-dist/tex/latex/caption/caption.sty
Package: caption 2020/09/02 v3.5a Customizing captions (AR)
(/Users/ml16847/Library/TinyTeX/texmf-dist/tex/latex/caption/caption3.sty
Package: caption3 2020/08/30 v2.0 caption3 kernel (AR)
\captionmargin=\dimen182
\captionmargin@=\dimen183
\captionwidth=\dimen184
\caption@tempdima=\dimen185
\caption@indent=\dimen186
\caption@parindent=\dimen187
\caption@hangindent=\dimen188
Package caption Info: Standard document class detected.
)
\c@caption@flags=\count301
\c@continuedfloat=\count302
Package caption Info: float package is loaded.
Package caption Info: hyperref package is loaded.
Package caption Info: longtable package is loaded.
(/Users/ml16847/Library/TinyTeX/texmf-dist/tex/latex/caption/ltcaption.sty
Package: ltcaption 2020/05/30 v1.4b longtable captions (AR)
)
Package caption Info: rotating package is loaded.
)
Package color Info: Redefining color shadecolor on input line 58.
(/Users/ml16847/Library/TinyTeX/texmf-dist/tex/latex/lineno/lineno.sty
Package: lineno 2005/11/02 line numbers on paragraphs v4.41
\linenopenalty=\count303
\output=\toks34
\linenoprevgraf=\count304
\linenumbersep=\dimen189
\linenumberwidth=\dimen190
\c@linenumber=\count305
\c@pagewiselinenumber=\count306
\c@LN@truepage=\count307
\c@internallinenumber=\count308
\c@internallinenumbers=\count309
\quotelinenumbersep=\dimen191
\bframerule=\dimen192
\bframesep=\dimen193
\bframebox=\box65
LaTeX Info: Redefining \\ on input line 3056.
) (/Users/ml16847/Library/TinyTeX/texmf-dist/tex/latex/multirow/multirow.sty
Package: multirow 2019/05/31 v2.5 Span multiple rows of a table
\multirow@colwidth=\skip78
\multirow@cntb=\count310
\multirow@dima=\skip79
\bigstrutjot=\dimen194
) (/Users/ml16847/Library/TinyTeX/texmf-dist/tex/latex/wrapfig/wrapfig.sty
\wrapoverhang=\dimen195
\WF@size=\dimen196
\c@WF@wrappedlines=\count311
\WF@box=\box66
\WF@everypar=\toks35
Package: wrapfig 2003/01/31  v 3.6
) (/Users/ml16847/Library/TinyTeX/texmf-dist/tex/latex/colortbl/colortbl.sty
Package: colortbl 2020/01/04 v1.0e Color table columns (DPC)
\everycr=\toks36
\minrowclearance=\skip80
) (/Users/ml16847/Library/TinyTeX/texmf-dist/tex/latex/pdflscape/pdflscape.sty
Package: pdflscape 2019/12/05 v0.12 Display of landscape pages in PDF (HO)
Package pdflscape Info: Auto-detected driver: pdftex on input line 81.
) (/Users/ml16847/Library/TinyTeX/texmf-dist/tex/latex/tabu/tabu.sty
Package: tabu 2019/01/11 v2.9 - flexible LaTeX tabulars (FC+tabu-fixed)
(/Users/ml16847/Library/TinyTeX/texmf-dist/tex/latex/varwidth/varwidth.sty
Package: varwidth 2009/03/30 ver 0.92;  Variable-width minipages
\@vwid@box=\box67
\sift@deathcycles=\count312
\@vwid@loff=\dimen197
\@vwid@roff=\dimen198
)
\c@taburow=\count313
\tabu@nbcols=\count314
\tabu@cnt=\count315
\tabu@Xcol=\count316
\tabu@alloc=\count317
\tabu@nested=\count318
\tabu@target=\dimen199
\tabu@spreadtarget=\dimen256
\tabu@naturalX=\dimen257
\tabucolX=\dimen258
\tabu@Xsum=\dimen259
\extrarowdepth=\dimen260
\abovetabulinesep=\dimen261
\belowtabulinesep=\dimen262
\tabustrutrule=\dimen263
\tabu@thebody=\toks37
\tabu@footnotes=\toks38
\tabu@box=\box68
\tabu@arstrutbox=\box69
\tabu@hleads=\box70
\tabu@vleads=\box71
\tabu@cellskip=\skip81
)
(/Users/ml16847/Library/TinyTeX/texmf-dist/tex/latex/threeparttable/threepartta
ble.sty
Package: threeparttable 2003/06/13  v 3.0
\@tempboxb=\box72
)
(/Users/ml16847/Library/TinyTeX/texmf-dist/tex/latex/threeparttablex/threepartt
ablex.sty
Package: threeparttablex 2013/07/23 v0.3 by daleif
(/Users/ml16847/Library/TinyTeX/texmf-dist/tex/latex/environ/environ.sty
Package: environ 2014/05/04 v0.3 A new way to define environments
(/Users/ml16847/Library/TinyTeX/texmf-dist/tex/latex/trimspaces/trimspaces.sty
Package: trimspaces 2009/09/17 v1.1 Trim spaces around a token list
))
\TPTL@width=\skip82
) (/Users/ml16847/Library/TinyTeX/texmf-dist/tex/generic/ulem/ulem.sty
\UL@box=\box73
\UL@hyphenbox=\box74
\UL@skip=\skip83
\UL@hook=\toks39
\UL@height=\dimen264
\UL@pe=\count319
\UL@pixel=\dimen265
\ULC@box=\box75
Package: ulem 2019/11/18
\ULdepth=\dimen266
) (/Users/ml16847/Library/TinyTeX/texmf-dist/tex/latex/makecell/makecell.sty
Package: makecell 2009/08/03 V0.1e Managing of Tab Column Heads and Cells
\rotheadsize=\dimen267
\c@nlinenum=\count320
\TeXr@lab=\toks40
)
   defining Unicode char U+2212 (decimal 8722)
(./thesis.aux

LaTeX Warning: Label `data' multiply defined.


LaTeX Warning: Label `statistical-analysis' multiply defined.


LaTeX Warning: Label `summary' multiply defined.


LaTeX Warning: Label `introduction' multiply defined.


LaTeX Warning: Label `methods' multiply defined.


LaTeX Warning: Label `outcomes-metabolites' multiply defined.


LaTeX Warning: Label `statistical-analysis' multiply defined.


LaTeX Warning: Label `results' multiply defined.


LaTeX Warning: Label `statistical-analysis-1' multiply defined.


LaTeX Warning: Label `multiple-testing-threshold' multiply defined.


LaTeX Warning: Label `global-metabolic-profile' multiply defined.


LaTeX Warning: Label `subclass-results' multiply defined.


LaTeX Warning: Label `discussion' multiply defined.


LaTeX Warning: Label `limitations' multiply defined.


LaTeX Warning: Label `metabolomics' multiply defined.


LaTeX Warning: Label `summary' multiply defined.


LaTeX Warning: Label `introduction' multiply defined.


LaTeX Warning: Label `methods' multiply defined.


LaTeX Warning: Label `discussion' multiply defined.


LaTeX Warning: Label `sensitivity-analysis' multiply defined.

)
\openout1 = `thesis.aux'.

LaTeX Font Info:    Checking defaults for OML/cmm/m/it on input line 210.
LaTeX Font Info:    ... okay on input line 210.
LaTeX Font Info:    Checking defaults for OMS/cmsy/m/n on input line 210.
LaTeX Font Info:    ... okay on input line 210.
LaTeX Font Info:    Checking defaults for OT1/cmr/m/n on input line 210.
LaTeX Font Info:    ... okay on input line 210.
LaTeX Font Info:    Checking defaults for T1/cmr/m/n on input line 210.
LaTeX Font Info:    ... okay on input line 210.
LaTeX Font Info:    Checking defaults for TS1/cmr/m/n on input line 210.
LaTeX Font Info:    ... okay on input line 210.
LaTeX Font Info:    Checking defaults for OMX/cmex/m/n on input line 210.
LaTeX Font Info:    ... okay on input line 210.
LaTeX Font Info:    Checking defaults for U/cmr/m/n on input line 210.
LaTeX Font Info:    ... okay on input line 210.
LaTeX Font Info:    Checking defaults for PD1/pdf/m/n on input line 210.
LaTeX Font Info:    ... okay on input line 210.
LaTeX Font Info:    Trying to load font information for T1+ptm on input line 21
0.
(/Users/ml16847/Library/TinyTeX/texmf-dist/tex/latex/psnfss/t1ptm.fd
File: t1ptm.fd 2001/06/04 font definitions for T1/ptm.
)
(/Users/ml16847/Library/TinyTeX/texmf-dist/tex/latex/epstopdf-pkg/epstopdf-base
.sty
Package: epstopdf-base 2020-01-24 v2.11 Base part for package epstopdf
Package epstopdf-base Info: Redefining graphics rule for `.eps' on input line 4
85.

(/Users/ml16847/Library/TinyTeX/texmf-dist/tex/latex/latexconfig/epstopdf-sys.c
fg
File: epstopdf-sys.cfg 2010/07/13 v1.3 Configuration of (r)epstopdf for TeX Liv
e
))
(/Users/ml16847/Library/TinyTeX/texmf-dist/tex/latex/siunitx/siunitx-abbreviati
ons.cfg
File: siunitx-abbreviations.cfg 2017/11/26 v2.7k siunitx: Abbreviated units
)
\AtBeginShipoutBox=\box76
Package hyperref Info: Link coloring OFF on input line 210.
(/Users/ml16847/Library/TinyTeX/texmf-dist/tex/latex/hyperref/nameref.sty
Package: nameref 2019/09/16 v2.46 Cross-referencing by name of section
(/Users/ml16847/Library/TinyTeX/texmf-dist/tex/latex/refcount/refcount.sty
Package: refcount 2019/12/15 v3.6 Data extraction from label references (HO)
)
(/Users/ml16847/Library/TinyTeX/texmf-dist/tex/generic/gettitlestring/gettitles
tring.sty
Package: gettitlestring 2019/12/15 v1.6 Cleanup title references (HO)
)
\c@section@level=\count321
)
LaTeX Info: Redefining \ref on input line 210.
LaTeX Info: Redefining \pageref on input line 210.
LaTeX Info: Redefining \nameref on input line 210.
(./thesis.out) (./thesis.out)
\@outlinefile=\write4
\openout4 = `thesis.out'.

Package caption Info: Begin \AtBeginDocument code.
Package caption Info: threeparttable package is loaded.
Package caption Info: wrapfig package is loaded.
Package caption Info: End \AtBeginDocument code.
LaTeX Font Info:    Trying to load font information for OT1+lmr on input line 2
10.
(/Users/ml16847/Library/TinyTeX/texmf-dist/tex/latex/lm/ot1lmr.fd
File: ot1lmr.fd 2009/10/30 v1.6 Font defs for Latin Modern
)
LaTeX Font Info:    Trying to load font information for OML+lmm on input line 2
10.
(/Users/ml16847/Library/TinyTeX/texmf-dist/tex/latex/lm/omllmm.fd
File: omllmm.fd 2009/10/30 v1.6 Font defs for Latin Modern
)
LaTeX Font Info:    Trying to load font information for OMS+lmsy on input line 
210.
(/Users/ml16847/Library/TinyTeX/texmf-dist/tex/latex/lm/omslmsy.fd
File: omslmsy.fd 2009/10/30 v1.6 Font defs for Latin Modern
)
LaTeX Font Info:    Trying to load font information for OMX+lmex on input line 
210.
(/Users/ml16847/Library/TinyTeX/texmf-dist/tex/latex/lm/omxlmex.fd
File: omxlmex.fd 2009/10/30 v1.6 Font defs for Latin Modern
)
LaTeX Font Info:    External font `lmex10' loaded for size
(Font)              <10.95> on input line 210.
LaTeX Font Info:    External font `lmex10' loaded for size
(Font)              <8> on input line 210.
LaTeX Font Info:    External font `lmex10' loaded for size
(Font)              <6> on input line 210.
LaTeX Font Info:    Trying to load font information for U+lasy on input line 21
0.
(/Users/ml16847/Library/TinyTeX/texmf-dist/tex/latex/base/ulasy.fd
File: ulasy.fd 1998/08/17 v2.2e LaTeX symbol font definitions
)
LaTeX Font Info:    Trying to load font information for U+msa on input line 210
.
(/Users/ml16847/Library/TinyTeX/texmf-dist/tex/latex/amsfonts/umsa.fd
File: umsa.fd 2013/01/14 v3.01 AMS symbols A
)
LaTeX Font Info:    Trying to load font information for U+msb on input line 210
.
(/Users/ml16847/Library/TinyTeX/texmf-dist/tex/latex/amsfonts/umsb.fd
File: umsb.fd 2013/01/14 v3.01 AMS symbols B
)
LaTeX Font Info:    Trying to load font information for OT1+lmss on input line 
210.
(/Users/ml16847/Library/TinyTeX/texmf-dist/tex/latex/lm/ot1lmss.fd
File: ot1lmss.fd 2009/10/30 v1.6 Font defs for Latin Modern
)
LaTeX Font Info:    Trying to load font information for OT1+lmtt on input line 
210.
(/Users/ml16847/Library/TinyTeX/texmf-dist/tex/latex/lm/ot1lmtt.fd
File: ot1lmtt.fd 2009/10/30 v1.6 Font defs for Latin Modern
)
<data/index/figures/UoBcrest.pdf, id=213, 114.4275pt x 137.51375pt>
File: data/index/figures/UoBcrest.pdf Graphic file (type pdf)
<use data/index/figures/UoBcrest.pdf>
Package pdftex.def Info: data/index/figures/UoBcrest.pdf  used on input line 21
5.
(pdftex.def)             Requested size: 68.65701pt x 82.50888pt.
LaTeX Font Info:    Trying to load font information for T1+phv on input line 21
5.
(/Users/ml16847/Library/TinyTeX/texmf-dist/tex/latex/psnfss/t1phv.fd
File: t1phv.fd 2020/03/25 scalable font definitions for T1/phv.
)
LaTeX Font Info:    External font `lmex10' loaded for size
(Font)              <12> on input line 215.
[1


{/Users/ml16847/Library/TinyTeX/texmf-var/fonts/map/pdftex/updmap/pdftex.map} <
./data/index/figures/UoBcrest.pdf>] [2

] [1

] [2


]
LaTeX Font Info:    Trying to load font information for TS1+ptm on input line 2
33.
(/Users/ml16847/Library/TinyTeX/texmf-dist/tex/latex/psnfss/ts1ptm.fd
File: ts1ptm.fd 2001/06/04 font definitions for TS1/ptm.
) [3] [4


]
Underfull \hbox (badness 10000) in paragraph at lines 257--258

 []

[5] [6


] (./thesis.toc [7] [8] [9])
\tf@toc=\write5
\openout5 = `thesis.toc'.

[10] (./thesis.lot
Underfull \hbox (badness 1852) in paragraph at lines 4--4
 [][] [][]\T1/ptm/m/n/10.95 Study char-ac-ter-is-tics for mea-sures of in-creas
ed adi-pos-ity in 
 []

[11

])
\tf@lot=\write6
\openout6 = `thesis.lot'.

[12] (./thesis.lof [13

] [14] [15])
\tf@lof=\write7
\openout7 = `thesis.lof'.

[16]
Chapter 1.
pdfTeX warning (ext4): destination with the same identifier (name{page.1}) has 
been already used, duplicate ignored
<to be read again> 
                   \relax 
l.280 \newpage
               [1


]
<thesis_files/figure-latex/overweight-graph-1.pdf, id=600, 456.70625pt x 310.15
875pt>
File: thesis_files/figure-latex/overweight-graph-1.pdf Graphic file (type pdf)
<use thesis_files/figure-latex/overweight-graph-1.pdf>
Package pdftex.def Info: thesis_files/figure-latex/overweight-graph-1.pdf  used
 on input line 289.
(pdftex.def)             Requested size: 360.0pt x 244.49266pt.

Overfull \hbox (0.675pt too wide) in paragraph at lines 289--289
[] [] 
 []

LaTeX Font Info:    External font `lmex10' loaded for size
(Font)              <10> on input line 293.
LaTeX Font Info:    External font `lmex10' loaded for size
(Font)              <7> on input line 293.
LaTeX Font Info:    External font `lmex10' loaded for size
(Font)              <5> on input line 293.
<thesis_files/figure-latex/obesity-graph-1.pdf, id=603, 456.70625pt x 314.17375
pt>
File: thesis_files/figure-latex/obesity-graph-1.pdf Graphic file (type pdf)
<use thesis_files/figure-latex/obesity-graph-1.pdf>
Package pdftex.def Info: thesis_files/figure-latex/obesity-graph-1.pdf  used on
 input line 296.
(pdftex.def)             Requested size: 360.0pt x 247.65761pt.

Overfull \hbox (0.675pt too wide) in paragraph at lines 296--296
[] [] 
 []

pdfTeX warning (ext4): destination with the same identifier (name{page.2}) has 
been already used, duplicate ignored
<to be read again> 
                   \relax 
l.298 \noindent
                [2 <./thesis_files/figure-latex/overweight-graph-1.pdf>] [3 <./
thesis_files/figure-latex/obesity-graph-1.pdf>]
Underfull \hbox (badness 3098) in paragraph at lines 310--311
[]\T1/ptm/m/n/10.95 There are also ques-tions around the re-la-tion-ship with m
or-bid-ity and
 []

[4] [5] [6] [7]
<data/chapter1/figures/adipocyte.png, id=771, 602.25pt x 405.515pt>
File: data/chapter1/figures/adipocyte.png Graphic file (type png)
<use data/chapter1/figures/adipocyte.png>
Package pdftex.def Info: data/chapter1/figures/adipocyte.png  used on input lin
e 338.
(pdftex.def)             Requested size: 360.0pt x 242.40747pt.

Overfull \hbox (0.675pt too wide) in paragraph at lines 338--338
[] [] 
 []

[8 <./data/chapter1/figures/adipocyte.png>] [9] [10]
<data/chapter1/figures/adipokines.jpeg, id=826, 308.352pt x 229.5777pt>
File: data/chapter1/figures/adipokines.jpeg Graphic file (type jpg)
<use data/chapter1/figures/adipokines.jpeg>
Package pdftex.def Info: data/chapter1/figures/adipokines.jpeg  used on input l
ine 363.
(pdftex.def)             Requested size: 360.0pt x 268.03732pt.

Overfull \hbox (0.675pt too wide) in paragraph at lines 363--363
[] [] 
 []

[11] [12 <./data/chapter1/figures/adipokines.jpeg>] [13] [14] [15] [16]
<thesis_files/figure-latex/chapter1-figure-mr-dag-1.pdf, id=944, 416.55624pt x 
296.10625pt>
File: thesis_files/figure-latex/chapter1-figure-mr-dag-1.pdf Graphic file (type
 pdf)
<use thesis_files/figure-latex/chapter1-figure-mr-dag-1.pdf>
Package pdftex.def Info: thesis_files/figure-latex/chapter1-figure-mr-dag-1.pdf
  used on input line 406.
(pdftex.def)             Requested size: 360.0pt x 255.91602pt.

Overfull \hbox (0.675pt too wide) in paragraph at lines 406--406
[] [] 
 []

[17] [18 <./thesis_files/figure-latex/chapter1-figure-mr-dag-1.pdf>] [19] [20] 
[21] [22]
<thesis_files/figure-latex/chapter1-figure-mr-dag2-1.pdf, id=1032, 416.55624pt 
x 296.10625pt>
File: thesis_files/figure-latex/chapter1-figure-mr-dag2-1.pdf Graphic file (typ
e pdf)
<use thesis_files/figure-latex/chapter1-figure-mr-dag2-1.pdf>
Package pdftex.def Info: thesis_files/figure-latex/chapter1-figure-mr-dag2-1.pd
f  used on input line 439.
(pdftex.def)             Requested size: 360.0pt x 255.91602pt.

Overfull \hbox (0.675pt too wide) in paragraph at lines 439--439
[] [] 
 []

[23]
<thesis_files/figure-latex/chapter1-figure-mr-dag3-1.pdf, id=1045, 416.55624pt 
x 296.10625pt>
File: thesis_files/figure-latex/chapter1-figure-mr-dag3-1.pdf Graphic file (typ
e pdf)
<use thesis_files/figure-latex/chapter1-figure-mr-dag3-1.pdf>
Package pdftex.def Info: thesis_files/figure-latex/chapter1-figure-mr-dag3-1.pd
f  used on input line 448.
(pdftex.def)             Requested size: 360.0pt x 255.91602pt.

Overfull \hbox (0.675pt too wide) in paragraph at lines 448--448
[] [] 
 []

[24 <./thesis_files/figure-latex/chapter1-figure-mr-dag2-1.pdf>] [25 <./thesis_
files/figure-latex/chapter1-figure-mr-dag3-1.pdf>]
Underfull \hbox (badness 1173) in paragraph at lines 462--463
\T1/ptm/m/n/10.95 of ge-netic and non-genetic fac-tors and sits be-tween the pr
o-teome and the
 []

[26] [27] [28] [29] [30] [31] [32]
Chapter 2.
[33

] [34

]
Chapter 3.

LaTeX Warning: Reference `tab:literature-associations' on page 35 undefined on 
input line 577.

[35]pdfTeX warning (ext4): destination with the same identifier (name{data}) ha
s been already used, duplicate ignored
<to be read again> 
                   \relax 
l.585 \subsubsection{Data}\label{data}}
                                       
LaTeX Font Info:    Trying to load font information for T1+pcr on input line 58
7.
(/Users/ml16847/Library/TinyTeX/texmf-dist/tex/latex/psnfss/t1pcr.fd
File: t1pcr.fd 2001/06/04 font definitions for T1/pcr.
) [36]
Underfull \hbox (badness 3930) in paragraph at lines 593--594
[]\T1/ptm/m/n/10.95 In UK Biobank BMI was de-rived from \T1/pcr/m/n/10.95 weigh
t (kg) / height
 []


Overfull \hbox (0.675pt too wide) in paragraph at lines 595--595
[] [] 
 []

[37]

LaTeX Warning: Reference `fig:correlation-results-figure-ukbiobank' on page 38 
undefined on input line 613.


Overfull \hbox (0.675pt too wide) in paragraph at lines 615--615
[] [] 
 []


Overfull \hbox (24.20403pt too wide) in alignment at lines 614--632
 [] [] [] [] [] [] [] 
 []

[38]
<data/chapter3/figures/correlation_alspac.png, id=1263, 2007.5pt x 2007.5pt>
File: data/chapter3/figures/correlation_alspac.png Graphic file (type png)
<use data/chapter3/figures/correlation_alspac.png>
Package pdftex.def Info: data/chapter3/figures/correlation_alspac.png  used on 
input line 636.
(pdftex.def)             Requested size: 360.0pt x 359.9866pt.

Overfull \hbox (0.675pt too wide) in paragraph at lines 636--636
[] [] 
 []

[39] [40 <./data/chapter3/figures/correlation_alspac.png>]

LaTeX Warning: Reference `fig:correlation-results-figure-ukbiobank' on page 41 
undefined on input line 643.

[41] [42]
Underfull \hbox (badness 10000) in paragraph at lines 680--681
[]$\T1/pcr/m/n/10.95 h t tp : / / w w w . b r i s t o l . a c . u k / a l s p a
 c / r e s e a r c h e r s / r e s e a r c h -[]
 []


Underfull \hbox (badness 1377) in paragraph at lines 680--681
\T1/pcr/m/n/10.95 e t h i c s /$[]\T1/ptm/m/n/10.95 . In-formed con-sent for th
e use of data col-lected via ques-tion-
 []


Underfull \hbox (badness 3323) in paragraph at lines 680--681
\T1/ptm/m/n/10.95 naire and clin-ics was ob-tained from par-tic-i-pants fol-low
-ing rec-om-men-da-
 []


Underfull \hbox (badness 1430) in paragraph at lines 680--681
\T1/ptm/m/n/10.95 tions of the ALSPAC Ethics and Law Com-mit-tee at the time. F
ull de-
 []


Underfull \hbox (badness 10000) in paragraph at lines 680--681
[]$\T1/pcr/m/n/10.95 h t tp : / / w w w . b r i s t o l . a c . u k / a l s p a
 c / r e s e a r c h e r s / r e s e a r c h -[]
 []

[43] [44]
Chapter 4.
[45

] [46] [47] [48] [49]
Underfull \hbox (badness 1102) in paragraph at lines 729--730
\T1/ptm/m/n/10.95 res-o-nance (NMR) as-says were per-formed on EDTA plasma/seru
m sam-ples.
 []

[50] [51] [52] [53] [54] [55]pdfTeX warning (ext4): destination with the same i
dentifier (name{statistical-analysis}) has been already used, duplicate ignored

<to be read again> 
                   \relax 
l.775 ...al analysis}\label{statistical-analysis}}
                                                   [56]
Underfull \hbox (badness 1881) in paragraph at lines 784--785
\T1/ptm/m/n/10.95 Metabolites were grouped into sub-classes (group-ing data pro
-vided by the
 []

[57] [58] [59] [60]
Overfull \hbox (54.49489pt too wide) in paragraph at lines 800--831
 [][] 
 []

[61

] [62]
Overfull \hbox (0.675pt too wide) in paragraph at lines 838--838
[] [] 
 []

[63

] [64

]
<data/chapter4/figures/plot_raincloud_adiposity_measures.pdf, id=1490, 2168.1pt
 x 2168.1pt>
File: data/chapter4/figures/plot_raincloud_adiposity_measures.pdf Graphic file 
(type pdf)
<use data/chapter4/figures/plot_raincloud_adiposity_measures.pdf>
Package pdftex.def Info: data/chapter4/figures/plot_raincloud_adiposity_measure
s.pdf  used on input line 871.
(pdftex.def)             Requested size: 360.0pt x 359.97067pt.

Overfull \hbox (0.675pt too wide) in paragraph at lines 871--871
[] [] 
 []

LaTeX Font Info:    Font shape `T1/pcr/m/it' in size <10> not available
(Font)              Font shape `T1/pcr/m/sl' tried instead on input line 875.

Overfull \hbox (0.675pt too wide) in paragraph at lines 878--878
[] [] 
 []

[65

 <./data/chapter4/figures/plot_raincloud_adiposity_measures.pdf>] [66] [67]
<data/chapter4/figures/bf_validation_raincloud.pdf, id=1532, 578.16pt x 578.16p
t>
File: data/chapter4/figures/bf_validation_raincloud.pdf Graphic file (type pdf)

<use data/chapter4/figures/bf_validation_raincloud.pdf>
Package pdftex.def Info: data/chapter4/figures/bf_validation_raincloud.pdf  use
d on input line 941.
(pdftex.def)             Requested size: 360.0pt x 359.99934pt.

Overfull \hbox (0.675pt too wide) in paragraph at lines 941--941
[] [] 
 []

[68]
<data/chapter4/figures/bf_validation_correlation_bf.pdf, id=1541, 1445.4pt x 14
45.4pt>
File: data/chapter4/figures/bf_validation_correlation_bf.pdf Graphic file (type
 pdf)
<use data/chapter4/figures/bf_validation_correlation_bf.pdf>
Package pdftex.def Info: data/chapter4/figures/bf_validation_correlation_bf.pdf
  used on input line 948.
(pdftex.def)             Requested size: 360.0pt x 360.00375pt.

Overfull \hbox (0.675pt too wide) in paragraph at lines 948--948
[] [] 
 []

[69 <./data/chapter4/figures/bf_validation_raincloud.pdf>]
<data/chapter4/figures/bf_validation_correlation.pdf, id=1559, 2168.1pt x 2168.
1pt>
File: data/chapter4/figures/bf_validation_correlation.pdf Graphic file (type pd
f)
<use data/chapter4/figures/bf_validation_correlation.pdf>
Package pdftex.def Info: data/chapter4/figures/bf_validation_correlation.pdf  u
sed on input line 955.
(pdftex.def)             Requested size: 360.0pt x 359.97067pt.

Overfull \hbox (0.675pt too wide) in paragraph at lines 955--955
[] [] 
 []

[70 <./data/chapter4/figures/bf_validation_correlation_bf.pdf>] [71 <./data/cha
pter4/figures/bf_validation_correlation.pdf>]
<thesis_files/figure-latex/chapter4-figure-directional-consistency-1.pdf, id=15
91, 455.7025pt x 296.10625pt>
File: thesis_files/figure-latex/chapter4-figure-directional-consistency-1.pdf G
raphic file (type pdf)
<use thesis_files/figure-latex/chapter4-figure-directional-consistency-1.pdf>
Package pdftex.def Info: thesis_files/figure-latex/chapter4-figure-directional-
consistency-1.pdf  used on input line 970.
(pdftex.def)             Requested size: 360.0pt x 233.92587pt.

Overfull \hbox (0.675pt too wide) in paragraph at lines 970--970
[] [] 
 []

[72] [73 <./thesis_files/figure-latex/chapter4-figure-directional-consistency-1
.pdf>]
Overfull \hbox (0.675pt too wide) in paragraph at lines 982--982
[] [] 
 []

<thesis_files/figure-latex/chapter4-figure-directional-consistency-2-1.pdf, id=
1621, 455.7025pt x 296.10625pt>
File: thesis_files/figure-latex/chapter4-figure-directional-consistency-2-1.pdf
 Graphic file (type pdf)
<use thesis_files/figure-latex/chapter4-figure-directional-consistency-2-1.pdf>

Package pdftex.def Info: thesis_files/figure-latex/chapter4-figure-directional-
consistency-2-1.pdf  used on input line 1004.
(pdftex.def)             Requested size: 360.0pt x 233.92587pt.

Overfull \hbox (0.675pt too wide) in paragraph at lines 1004--1004
[] [] 
 []

[74] [75 <./thesis_files/figure-latex/chapter4-figure-directional-consistency-2
-1.pdf>]
<data/chapter4/figures/circosplot_main_children.pdf, id=1647, 2168.1pt x 2168.1
pt>
File: data/chapter4/figures/circosplot_main_children.pdf Graphic file (type pdf
)
<use data/chapter4/figures/circosplot_main_children.pdf>
Package pdftex.def Info: data/chapter4/figures/circosplot_main_children.pdf  us
ed on input line 1017.
(pdftex.def)             Requested size: 360.0pt x 359.97067pt.

Overfull \hbox (0.675pt too wide) in paragraph at lines 1017--1017
[] [] 
 []

[76]
<data/chapter4/figures/circosplot_main_adolescents.pdf, id=1655, 2168.1pt x 216
8.1pt>
File: data/chapter4/figures/circosplot_main_adolescents.pdf Graphic file (type 
pdf)
<use data/chapter4/figures/circosplot_main_adolescents.pdf>
Package pdftex.def Info: data/chapter4/figures/circosplot_main_adolescents.pdf 
 used on input line 1024.
(pdftex.def)             Requested size: 360.0pt x 359.97067pt.

Overfull \hbox (0.675pt too wide) in paragraph at lines 1024--1024
[] [] 
 []

[77 <./data/chapter4/figures/circosplot_main_children.pdf>]
<data/chapter4/figures/circosplot_main_young_adults.pdf, id=1668, 2168.1pt x 21
68.1pt>
File: data/chapter4/figures/circosplot_main_young_adults.pdf Graphic file (type
 pdf)
<use data/chapter4/figures/circosplot_main_young_adults.pdf>
Package pdftex.def Info: data/chapter4/figures/circosplot_main_young_adults.pdf
  used on input line 1031.
(pdftex.def)             Requested size: 360.0pt x 359.97067pt.

Overfull \hbox (0.675pt too wide) in paragraph at lines 1031--1031
[] [] 
 []

[78 <./data/chapter4/figures/circosplot_main_adolescents.pdf>]
<data/chapter4/figures/circosplot_main_adults.pdf, id=1680, 2168.1pt x 2168.1pt
>
File: data/chapter4/figures/circosplot_main_adults.pdf Graphic file (type pdf)
<use data/chapter4/figures/circosplot_main_adults.pdf>
Package pdftex.def Info: data/chapter4/figures/circosplot_main_adults.pdf  used
 on input line 1038.
(pdftex.def)             Requested size: 360.0pt x 359.97067pt.

Overfull \hbox (0.675pt too wide) in paragraph at lines 1038--1038
[] [] 
 []

[79 <./data/chapter4/figures/circosplot_main_young_adults.pdf>] [80 <./data/cha
pter4/figures/circosplot_main_adults.pdf>]
<data/chapter4/figures/forestplot_subclass_LDL.pdf, id=1705, 578.16pt x 722.7pt
>
File: data/chapter4/figures/forestplot_subclass_LDL.pdf Graphic file (type pdf)

<use data/chapter4/figures/forestplot_subclass_LDL.pdf>
Package pdftex.def Info: data/chapter4/figures/forestplot_subclass_LDL.pdf  use
d on input line 1052.
(pdftex.def)             Requested size: 360.0pt x 449.99918pt.

Overfull \hbox (0.675pt too wide) in paragraph at lines 1052--1052
[] [] 
 []

[81] [82 <./data/chapter4/figures/forestplot_subclass_LDL.pdf>] [83]
Overfull \hbox (4.25908pt too wide) in paragraph at lines 1177--1177
[]\T1/ptm/m/n/10.95 young_adults|  
 []


Overfull \hbox (4.25908pt too wide) in paragraph at lines 1177--1177
[]\T1/ptm/m/n/10.95 young_adults|  
 []


Overfull \hbox (4.25908pt too wide) in paragraph at lines 1177--1177
[]|\T1/ptm/m/n/10.95 young_adults|  
 []


Overfull \hbox (4.25908pt too wide) in paragraph at lines 1177--1177
[]\T1/ptm/m/n/10.95 young_adults|  
 []


Overfull \hbox (4.25908pt too wide) in paragraph at lines 1177--1177
[]|\T1/ptm/m/n/10.95 young_adults|  
 []


Overfull \hbox (4.25908pt too wide) in paragraph at lines 1177--1177
[]\T1/ptm/m/n/10.95 young_adults|  
 []


Overfull \hbox (4.25908pt too wide) in paragraph at lines 1177--1177
[]|\T1/ptm/m/n/10.95 young_adults|  
 []


Overfull \hbox (4.25908pt too wide) in paragraph at lines 1177--1177
[]|\T1/ptm/m/n/10.95 young_adults|  
 []


Overfull \hbox (4.25908pt too wide) in paragraph at lines 1177--1177
[]\T1/ptm/m/n/10.95 young_adults|  
 []


Overfull \hbox (4.25908pt too wide) in paragraph at lines 1177--1177
[]\T1/ptm/m/n/10.95 young_adults|  
 []


Overfull \hbox (4.25908pt too wide) in paragraph at lines 1177--1177
[]\T1/ptm/m/n/10.95 young_adults|  
 []


Overfull \hbox (6.70078pt too wide) in paragraph at lines 1177--1177
\T1/ptm/m/n/10.95 phospholipids|  
 []


Overfull \hbox (4.25908pt too wide) in paragraph at lines 1177--1177
[]\T1/ptm/m/n/10.95 young_adults|  
 []


Overfull \hbox (4.25908pt too wide) in paragraph at lines 1177--1177
[]\T1/ptm/m/n/10.95 young_adults|  
 []


Overfull \hbox (4.25908pt too wide) in paragraph at lines 1177--1177
[]\T1/ptm/m/n/10.95 young_adults|  
 []

[84

] [85] [86] [87] [88

]
<data/chapter4/figures/forestplot_wurtz_comparison.pdf, id=1759, 1011.78pt x 86
7.24pt>
File: data/chapter4/figures/forestplot_wurtz_comparison.pdf Graphic file (type 
pdf)
<use data/chapter4/figures/forestplot_wurtz_comparison.pdf>
Package pdftex.def Info: data/chapter4/figures/forestplot_wurtz_comparison.pdf 
 used on input line 1191.
(pdftex.def)             Requested size: 541.40024pt x 464.06807pt.
[89

]
Overfull \vbox (141.26807pt too high) has occurred while \output is active []

[90 <./data/chapter4/figures/forestplot_wurtz_comparison.pdf>] [91] [92

] [93]
Underfull \hbox (badness 2495) in paragraph at lines 1219--1220
\T1/ptm/m/n/10.95 There is no stan-dard-ised ap-proach, nor a gold stan-dard, f
or per-form-ing
 []

[94] [95]pdfTeX warning (ext4): destination with the same identifier (name{summ
ary}) has been already used, duplicate ignored
<to be read again> 
                   \relax 
l.1236 \subsection{Summary}\label{summary}}
                                            [96] [97] [98

]
Chapter 5.
pdfTeX warning (ext4): destination with the same identifier (name{introduction}
) has been already used, duplicate ignored
<to be read again> 
                   \relax 
l.1249 \section{Introduction}\label{introduction}}
                                                   [99] [100]pdfTeX warning (ex
t4): destination with the same identifier (name{methods}) has been already used
, duplicate ignored
<to be read again> 
                   \relax 
l.1260 \section{Methods}\label{methods}}
                                        
<thesis_files/figure-latex/chapter5-figure-schematic-1.pdf, id=1868, 736.7525pt
 x 489.83pt>
File: thesis_files/figure-latex/chapter5-figure-schematic-1.pdf Graphic file (t
ype pdf)
<use thesis_files/figure-latex/chapter5-figure-schematic-1.pdf>
Package pdftex.def Info: thesis_files/figure-latex/chapter5-figure-schematic-1.
pdf  used on input line 1264.
(pdftex.def)             Requested size: 360.0pt x 239.34612pt.

Overfull \hbox (0.675pt too wide) in paragraph at lines 1264--1264
[] [] 
 []

[101]pdfTeX warning (ext4): destination with the same identifier (name{outcomes
-metabolites}) has been already used, duplicate ignored
<to be read again> 
                   \relax 
l.1272 ...etabolites}\label{outcomes-metabolites}}
                                                   [102 <./thesis_files/figure-
latex/chapter5-figure-schematic-1.pdf>] [103] [104] [105] [106] [107] [108]pdfT
eX warning (ext4): destination with the same identifier (name{statistical-analy
sis}) has been already used, duplicate ignored
<to be read again> 
                   \relax 
l.1317 ...l analysis}\label{statistical-analysis}}
                                                   [109] [110] [111] [112] [113
]pdfTeX warning (ext4): destination with the same identifier (name{results}) ha
s been already used, duplicate ignored
<to be read again> 
                   \relax 
l.1359 \section{Results}\label{results}}
                                        
<../../002_adiposity_metabolites/analysis/main_exposures_fstatistics.pdf, id=20
16, 1698.345pt x 722.7pt>
File: ../../002_adiposity_metabolites/analysis/main_exposures_fstatistics.pdf G
raphic file (type pdf)
<use ../../002_adiposity_metabolites/analysis/main_exposures_fstatistics.pdf>
Package pdftex.def Info: ../../002_adiposity_metabolites/analysis/main_exposure
s_fstatistics.pdf  used on input line 1366.
(pdftex.def)             Requested size: 360.0pt x 153.19402pt.

Overfull \hbox (0.675pt too wide) in paragraph at lines 1366--1366
[] [] 
 []

[114]pdfTeX warning (ext4): destination with the same identifier (name{statisti
cal-analysis-1}) has been already used, duplicate ignored
<to be read again> 
                   \relax 
l.1374 ...analysis}\label{statistical-analysis-1}}
                                                  
<thesis_files/figure-latex/chapter5-figure-directional-consistency-1.pdf, id=20
28, 455.7025pt x 295.1025pt>
File: thesis_files/figure-latex/chapter5-figure-directional-consistency-1.pdf G
raphic file (type pdf)
<use thesis_files/figure-latex/chapter5-figure-directional-consistency-1.pdf>
Package pdftex.def Info: thesis_files/figure-latex/chapter5-figure-directional-
consistency-1.pdf  used on input line 1384.
(pdftex.def)             Requested size: 360.0pt x 233.1329pt.

Overfull \hbox (0.675pt too wide) in paragraph at lines 1384--1384
[] [] 
 []

[115 <../../002_adiposity_metabolites/analysis/main_exposures_fstatistics.pdf>]
pdfTeX warning (ext4): destination with the same identifier (name{multiple-test
ing-threshold}) has been already used, duplicate ignored
<to be read again> 
                   \relax 
l.1392 ...hold}\label{multiple-testing-threshold}}
                                                   [116 <./thesis_files/figure-
latex/chapter5-figure-directional-consistency-1.pdf>]
<thesis_files/figure-latex/chapter5-figure-threshold-directional-consistency-1.
pdf, id=2061, 455.7025pt x 296.10625pt>
File: thesis_files/figure-latex/chapter5-figure-threshold-directional-consisten
cy-1.pdf Graphic file (type pdf)
<use thesis_files/figure-latex/chapter5-figure-threshold-directional-consistenc
y-1.pdf>
Package pdftex.def Info: thesis_files/figure-latex/chapter5-figure-threshold-di
rectional-consistency-1.pdf  used on input line 1398.
(pdftex.def)             Requested size: 360.0pt x 233.92587pt.

Overfull \hbox (0.675pt too wide) in paragraph at lines 1398--1398
[] [] 
 []

[117]
<thesis_files/figure-latex/chapter5-figure-forestplot-associations-1.pdf, id=20
67, 441.65pt x 281.05pt>
File: thesis_files/figure-latex/chapter5-figure-forestplot-associations-1.pdf G
raphic file (type pdf)
<use thesis_files/figure-latex/chapter5-figure-forestplot-associations-1.pdf>
Package pdftex.def Info: thesis_files/figure-latex/chapter5-figure-forestplot-a
ssociations-1.pdf  used on input line 1405.
(pdftex.def)             Requested size: 360.0pt x 229.10303pt.

Overfull \hbox (0.675pt too wide) in paragraph at lines 1405--1405
[] [] 
 []

[118 <./thesis_files/figure-latex/chapter5-figure-threshold-directional-consist
ency-1.pdf>]pdfTeX warning (ext4): destination with the same identifier (name{g
lobal-metabolic-profile}) has been already used, duplicate ignored
<to be read again> 
                   \relax 
l.1413 ...rofile}\label{global-metabolic-profile}}
                                                  
<data/chapter5/figures/circosplot_main_analysis.pdf, id=2081, 2529.45pt x 2529.
45pt>
File: data/chapter5/figures/circosplot_main_analysis.pdf Graphic file (type pdf
)
<use data/chapter5/figures/circosplot_main_analysis.pdf>
Package pdftex.def Info: data/chapter5/figures/circosplot_main_analysis.pdf  us
ed on input line 1417.
(pdftex.def)             Requested size: 360.0pt x 359.98721pt.

Overfull \hbox (0.675pt too wide) in paragraph at lines 1417--1417
[] [] 
 []

[119 <./thesis_files/figure-latex/chapter5-figure-forestplot-associations-1.pdf
>] [120]pdfTeX warning (ext4): destination with the same identifier (name{subcl
ass-results}) has been already used, duplicate ignored
<to be read again> 
                   \relax 
l.1425 ...bclass results}\label{subclass-results}}
                                                  
<data/chapter5/figures/forestplot_subclasses.pdf, id=2103, 1011.78pt x 722.7pt>

File: data/chapter5/figures/forestplot_subclasses.pdf Graphic file (type pdf)
<use data/chapter5/figures/forestplot_subclasses.pdf>
Package pdftex.def Info: data/chapter5/figures/forestplot_subclasses.pdf  used 
on input line 1429.
(pdftex.def)             Requested size: 360.0pt x 257.13924pt.

Overfull \hbox (0.675pt too wide) in paragraph at lines 1429--1429
[] [] 
 []

[121 <./data/chapter5/figures/circosplot_main_analysis.pdf>] [122 <./data/chapt
er5/figures/forestplot_subclasses.pdf>]
<thesis_files/figure-latex/chapter5-figure-sensitivity-directional-consistency-
1.pdf, id=2138, 455.7025pt x 296.10625pt>
File: thesis_files/figure-latex/chapter5-figure-sensitivity-directional-consist
ency-1.pdf Graphic file (type pdf)
<use thesis_files/figure-latex/chapter5-figure-sensitivity-directional-consiste
ncy-1.pdf>
Package pdftex.def Info: thesis_files/figure-latex/chapter5-figure-sensitivity-
directional-consistency-1.pdf  used on input line 1441.
(pdftex.def)             Requested size: 360.0pt x 233.92587pt.

Overfull \hbox (0.675pt too wide) in paragraph at lines 1441--1441
[] [] 
 []

[123]
<data/chapter5/figures/forestplot_sensitivity_directional_consistency.pdf, id=2
145, 1011.78pt x 722.7pt>
File: data/chapter5/figures/forestplot_sensitivity_directional_consistency.pdf 
Graphic file (type pdf)
<use data/chapter5/figures/forestplot_sensitivity_directional_consistency.pdf>
Package pdftex.def Info: data/chapter5/figures/forestplot_sensitivity_direction
al_consistency.pdf  used on input line 1448.
(pdftex.def)             Requested size: 360.0pt x 257.13924pt.

Overfull \hbox (0.675pt too wide) in paragraph at lines 1448--1448
[] [] 
 []

[124 <./thesis_files/figure-latex/chapter5-figure-sensitivity-directional-consi
stency-1.pdf>]
Overfull \hbox (0.675pt too wide) in paragraph at lines 1458--1458
[] [] 
 []

[125 <./data/chapter5/figures/forestplot_sensitivity_directional_consistency.pd
f>] [126]
<data/chapter5/figures/circosplot_additional_BMI.pdf, id=2183, 2529.45pt x 2529
.45pt>
File: data/chapter5/figures/circosplot_additional_BMI.pdf Graphic file (type pd
f)
<use data/chapter5/figures/circosplot_additional_BMI.pdf>
Package pdftex.def Info: data/chapter5/figures/circosplot_additional_BMI.pdf  u
sed on input line 1487.
(pdftex.def)             Requested size: 360.0pt x 359.98721pt.

Overfull \hbox (0.675pt too wide) in paragraph at lines 1487--1487
[] [] 
 []

[127]
<data/chapter5/figures/circosplot_additional_WHR.pdf, id=2194, 2529.45pt x 2529
.45pt>
File: data/chapter5/figures/circosplot_additional_WHR.pdf Graphic file (type pd
f)
<use data/chapter5/figures/circosplot_additional_WHR.pdf>
Package pdftex.def Info: data/chapter5/figures/circosplot_additional_WHR.pdf  u
sed on input line 1491.
(pdftex.def)             Requested size: 360.0pt x 359.98721pt.

Overfull \hbox (0.675pt too wide) in paragraph at lines 1491--1491
[] [] 
 []

[128 <./data/chapter5/figures/circosplot_additional_BMI.pdf>]
<data/chapter5/figures/circosplot_additional_BF.pdf, id=2206, 2529.45pt x 2529.
45pt>
File: data/chapter5/figures/circosplot_additional_BF.pdf Graphic file (type pdf
)
<use data/chapter5/figures/circosplot_additional_BF.pdf>
Package pdftex.def Info: data/chapter5/figures/circosplot_additional_BF.pdf  us
ed on input line 1495.
(pdftex.def)             Requested size: 360.0pt x 359.98721pt.

Overfull \hbox (0.675pt too wide) in paragraph at lines 1495--1495
[] [] 
 []

[129 <./data/chapter5/figures/circosplot_additional_WHR.pdf>] [130] [131 <./dat
a/chapter5/figures/circosplot_additional_BF.pdf>]
<thesis_files/figure-latex/chapter5-figure-directional-consistency-comparison-1
.pdf, id=2238, 455.7025pt x 295.1025pt>
File: thesis_files/figure-latex/chapter5-figure-directional-consistency-compari
son-1.pdf Graphic file (type pdf)
<use thesis_files/figure-latex/chapter5-figure-directional-consistency-comparis
on-1.pdf>
Package pdftex.def Info: thesis_files/figure-latex/chapter5-figure-directional-
consistency-comparison-1.pdf  used on input line 1509.
(pdftex.def)             Requested size: 360.0pt x 233.1329pt.

Overfull \hbox (0.675pt too wide) in paragraph at lines 1509--1509
[] [] 
 []

[132] [133 <./thesis_files/figure-latex/chapter5-figure-directional-consistency
-comparison-1.pdf>]
<data/chapter5/figures/forestplot_sensitivity_directional_consistency_compariso
n.pdf, id=2259, 1011.78pt x 722.7pt>
File: data/chapter5/figures/forestplot_sensitivity_directional_consistency_comp
arison.pdf Graphic file (type pdf)
<use data/chapter5/figures/forestplot_sensitivity_directional_consistency_compa
rison.pdf>
Package pdftex.def Info: data/chapter5/figures/forestplot_sensitivity_direction
al_consistency_comparison.pdf  used on input line 1522.
(pdftex.def)             Requested size: 360.0pt x 257.13924pt.

Overfull \hbox (0.675pt too wide) in paragraph at lines 1522--1522
[] [] 
 []

[134]
<data/chapter5/figures/forestplot_sensitivity_directional_consistency_compariso
n_wurtz.pdf, id=2269, 1011.78pt x 722.7pt>
File: data/chapter5/figures/forestplot_sensitivity_directional_consistency_comp
arison_wurtz.pdf Graphic file (type pdf)
<use data/chapter5/figures/forestplot_sensitivity_directional_consistency_compa
rison_wurtz.pdf>
Package pdftex.def Info: data/chapter5/figures/forestplot_sensitivity_direction
al_consistency_comparison_wurtz.pdf  used on input line 1534.
(pdftex.def)             Requested size: 360.0pt x 257.13924pt.

Overfull \hbox (0.675pt too wide) in paragraph at lines 1534--1534
[] [] 
 []

[135 <./data/chapter5/figures/forestplot_sensitivity_directional_consistency_co
mparison.pdf>]pdfTeX warning (ext4): destination with the same identifier (name
{discussion}) has been already used, duplicate ignored
<to be read again> 
                   \relax 
l.1537 \section{Discussion}\label{discussion}}
                                               [136 <./data/chapter5/figures/fo
restplot_sensitivity_directional_consistency_comparison_wurtz.pdf>] [137] [138]
pdfTeX warning (ext4): destination with the same identifier (name{limitations})
 has been already used, duplicate ignored
<to be read again> 
                   \relax 
l.1552 ...section{Limitations}\label{limitations}}
                                                  pdfTeX warning (ext4): destin
ation with the same identifier (name{metabolomics}) has been already used, dupl
icate ignored
<to be read again> 
                   \relax 
l.1555 ...ction{Metabolomics}\label{metabolomics}}
                                                   [139] [140] [141]pdfTeX warn
ing (ext4): destination with the same identifier (name{summary}) has been alrea
dy used, duplicate ignored
<to be read again> 
                   \relax 
l.1574 \subsection{Summary}\label{summary}}
                                            [142]
Chapter 6.
[143

]pdfTeX warning (ext4): destination with the same identifier (name{introduction
}) has been already used, duplicate ignored
<to be read again> 
                   \relax 
l.1590 \section{Introduction}\label{introduction}}
                                                   [144]pdfTeX warning (ext4): 
destination with the same identifier (name{methods}) has been already used, dup
licate ignored
<to be read again> 
                   \relax 
l.1601 \section{Methods}\label{methods}}
                                         [145]
<data/chapter6/figures/annotated_circos_plot.pdf, id=2409, 845.1575pt x 597.231
25pt>
File: data/chapter6/figures/annotated_circos_plot.pdf Graphic file (type pdf)
<use data/chapter6/figures/annotated_circos_plot.pdf>
Package pdftex.def Info: data/chapter6/figures/annotated_circos_plot.pdf  used 
on input line 1612.
(pdftex.def)             Requested size: 360.0pt x 254.39859pt.

Overfull \hbox (0.675pt too wide) in paragraph at lines 1612--1612
[] [] 
 []

[146] [147 <./data/chapter6/figures/annotated_circos_plot.pdf, page is rotated 
270 degrees>]

Package hyperref Warning: Suppressing link with empty target on input line 1631
.

<data/chapter6/figures/web_app_home.png, id=2499, 1927.2pt x 1006.76125pt>
File: data/chapter6/figures/web_app_home.png Graphic file (type png)
<use data/chapter6/figures/web_app_home.png>
Package pdftex.def Info: data/chapter6/figures/web_app_home.png  used on input 
line 1633.
(pdftex.def)             Requested size: 360.0pt x 188.06062pt.

Overfull \hbox (0.675pt too wide) in paragraph at lines 1633--1633
[] [] 
 []

[148]

Package hyperref Warning: Suppressing link with empty target on input line 1635
.

[149 <./data/chapter6/figures/web_app_home.png>]

Package hyperref Warning: Suppressing link with empty target on input line 1637
.

<data/chapter6/figures/web_app_analysis_data.png, id=2519, 1927.2pt x 1005.7575
pt>
File: data/chapter6/figures/web_app_analysis_data.png Graphic file (type png)
<use data/chapter6/figures/web_app_analysis_data.png>
Package pdftex.def Info: data/chapter6/figures/web_app_analysis_data.png  used 
on input line 1639.
(pdftex.def)             Requested size: 360.0pt x 187.87312pt.

Overfull \hbox (0.675pt too wide) in paragraph at lines 1639--1639
[] [] 
 []


Package hyperref Warning: Suppressing link with empty target on input line 1641
.

<data/chapter6/figures/web_app_analysis_plot.png, id=2521, 1927.2pt x 1006.7612
5pt>
File: data/chapter6/figures/web_app_analysis_plot.png Graphic file (type png)
<use data/chapter6/figures/web_app_analysis_plot.png>
Package pdftex.def Info: data/chapter6/figures/web_app_analysis_plot.png  used 
on input line 1643.
(pdftex.def)             Requested size: 360.0pt x 188.06062pt.

Overfull \hbox (0.675pt too wide) in paragraph at lines 1643--1643
[] [] 
 []

[150 <./data/chapter6/figures/web_app_analysis_data.png>] [151 <./data/chapter6
/figures/web_app_analysis_plot.png>]
LaTeX Font Info:    Font shape `T1/pcr/m/it' in size <10.95> not available
(Font)              Font shape `T1/pcr/m/sl' tried instead on input line 1653.
[152]
<data/chapter6/figures/r_package_3_track_type_plot.pdf, id=2541, 2168.1pt x 216
8.1pt>
File: data/chapter6/figures/r_package_3_track_type_plot.pdf Graphic file (type 
pdf)
<use data/chapter6/figures/r_package_3_track_type_plot.pdf>
Package pdftex.def Info: data/chapter6/figures/r_package_3_track_type_plot.pdf 
 used on input line 1685.
(pdftex.def)             Requested size: 360.0pt x 359.97067pt.

Overfull \hbox (0.675pt too wide) in paragraph at lines 1685--1685
[] [] 
 []

[153 <./data/chapter6/figures/r_package_3_track_type_plot.pdf>] [154]pdfTeX war
ning (ext4): destination with the same identifier (name{discussion}) has been a
lready used, duplicate ignored
<to be read again> 
                   \relax 
l.1715 \section{Discussion}\label{discussion}}
                                               [155] [156] [157]
Overfull \hbox (30.38802pt too wide) in paragraph at lines 1736--1737
\T1/pcr/m/n/10.95 EpiViz \T1/ptm/m/n/10.95 was greatly aided by the \T1/pcr/m/n
/10.95 R \T1/ptm/m/n/10.95 pack-ages []\T1/pcr/m/n/10.95 Circlize[]$[]$ \T1/ptm
/m/n/10.95 and []\T1/pcr/m/n/10.95 ComplexHeatmap[]$[]$\T1/ptm/m/n/10.95 ,
 []

[158]
Chapter 7.
[159

] [160

]
Chapter 8.
[161] [162

]
Chapter 9.
[163] [164

] [165] [166

]
Appendix A.
[167] [168] [169]
Overfull \hbox (0.675pt too wide) in paragraph at lines 1785--1785
[] [] 
 []

[170] [171] [172] [173] [174] [175] [176]
Overfull \hbox (11.68564pt too wide) in paragraph at lines 2400--2400
[][]|  
 []


Overfull \hbox (7.82053pt too wide) in paragraph at lines 2400--2400
[][]|  
 []


Overfull \hbox (32.76424pt too wide) in paragraph at lines 2400--2400
[][]|  
 []


Overfull \hbox (30.84761pt too wide) in paragraph at lines 2400--2400
[][]|  
 []


Overfull \hbox (1.1301pt too wide) in paragraph at lines 2400--2400
[][]|  
 []


Overfull \hbox (5.69632pt too wide) in paragraph at lines 2400--2400
[][]|  
 []


Overfull \hbox (3.7797pt too wide) in paragraph at lines 2400--2400
[][]|  
 []


Overfull \hbox (10.76563pt too wide) in paragraph at lines 2400--2400
[][]|  
 []


Overfull \hbox (10.76563pt too wide) in paragraph at lines 2400--2400
[][]|  
 []


Overfull \hbox (36.3223pt too wide) in paragraph at lines 2400--2400
[][]|  
 []


Overfull \hbox (36.3223pt too wide) in paragraph at lines 2400--2400
[][]|  
 []


Overfull \hbox (33.89212pt too wide) in paragraph at lines 2400--2400
[][]|  
 []


Overfull \hbox (33.89212pt too wide) in paragraph at lines 2400--2400
[][]|  
 []


Overfull \hbox (28.3952pt too wide) in paragraph at lines 2400--2400
[][]|  
 []


Overfull \hbox (60.96004pt too wide) in paragraph at lines 2400--2400
[][]|  
 []

[177

] [178] [179] [180] [181] [182] [183] [184] [185] [186] [187] [188] [189] [190]
[191] [192] [193] [194] [195] [196] [197] [198] [199] [200] [201] [202] [203] [
204] [205] [206] [207] [208] [209] [210] [211] [212] [213] [214] [215] [216] [2
17] [218] [219] [220

]
Overfull \hbox (77.4122pt too wide) in alignment at lines 2407--2463
 [] [] [] [] [] [] [] [] [] 
 []


Overfull \hbox (77.4122pt too wide) in alignment at lines 2463--2521
 [] [] [] [] [] [] [] [] [] 
 []

[221

]
Overfull \hbox (77.4122pt too wide) in alignment at lines 2521--2579
 [] [] [] [] [] [] [] [] [] 
 []

[222]
Overfull \hbox (77.4122pt too wide) in alignment at lines 2579--2637
 [] [] [] [] [] [] [] [] [] 
 []

[223] [224]
Overfull \hbox (77.4122pt too wide) in alignment at lines 2637--2695
 [] [] [] [] [] [] [] [] [] 
 []

[225]
Overfull \hbox (77.4122pt too wide) in alignment at lines 2695--2753
 [] [] [] [] [] [] [] [] [] 
 []

[226] [227]
Overfull \hbox (77.4122pt too wide) in alignment at lines 2753--2811
 [] [] [] [] [] [] [] [] [] 
 []

[228]
Overfull \hbox (77.4122pt too wide) in alignment at lines 2811--2869
 [] [] [] [] [] [] [] [] [] 
 []

[229]
Overfull \hbox (77.4122pt too wide) in alignment at lines 2869--2927
 [] [] [] [] [] [] [] [] [] 
 []

[230] [231]
Overfull \hbox (77.4122pt too wide) in alignment at lines 2927--2985
 [] [] [] [] [] [] [] [] [] 
 []

[232]
Overfull \hbox (77.4122pt too wide) in alignment at lines 2985--3043
 [] [] [] [] [] [] [] [] [] 
 []

[233] [234]
Overfull \hbox (77.4122pt too wide) in alignment at lines 3043--3101
 [] [] [] [] [] [] [] [] [] 
 []

[235]
Overfull \hbox (77.4122pt too wide) in alignment at lines 3101--3108
 [] [] [] [] [] [] [] [] [] 
 []

[236] [237] [238] [239

] [240] [241] [242] [243]
<data/chapter4/supplement/Tanita_communication.pdf, id=2965, 597.23125pt x 845.
1575pt>
File: data/chapter4/supplement/Tanita_communication.pdf Graphic file (type pdf)

<use data/chapter4/supplement/Tanita_communication.pdf>
Package pdftex.def Info: data/chapter4/supplement/Tanita_communication.pdf  use
d on input line 3287.
(pdftex.def)             Requested size: 382.5912pt x 541.40024pt.

Overfull \hbox (22.5912pt too wide) in paragraph at lines 3287--3287
[][] 
 []


Overfull \hbox (0.675pt too wide) in paragraph at lines 3287--3287
[] [] 
 []

[244] [245]
Overfull \vbox (66.73515pt too high) has occurred while \output is active []

[246 <./data/chapter4/supplement/Tanita_communication.pdf>] [247]
<data/chapter4/Supplement/forestplot_main.pdf, id=3029, 2023.56pt x 1011.78pt>
File: data/chapter4/Supplement/forestplot_main.pdf Graphic file (type pdf)
<use data/chapter4/Supplement/forestplot_main.pdf>
Package pdftex.def Info: data/chapter4/Supplement/forestplot_main.pdf  used on 
input line 3297.
(pdftex.def)             Requested size: 541.40024pt x 270.69865pt.
[248

 <./data/chapter4/Supplement/forestplot_main.pdf>]
<data/chapter4/Supplement/forestplot_supplement.pdf, id=3046, 2023.56pt x 1011.
78pt>
File: data/chapter4/Supplement/forestplot_supplement.pdf Graphic file (type pdf
)
<use data/chapter4/Supplement/forestplot_supplement.pdf>
Package pdftex.def Info: data/chapter4/Supplement/forestplot_supplement.pdf  us
ed on input line 3307.
(pdftex.def)             Requested size: 541.40024pt x 270.69865pt.
[249


 <./data/chapter4/Supplement/forestplot_supplement.pdf>] [250]
<data/chapter4/figures/circosplot_supplement_children.pdf, id=3066, 2168.1pt x 
2168.1pt>
File: data/chapter4/figures/circosplot_supplement_children.pdf Graphic file (ty
pe pdf)
<use data/chapter4/figures/circosplot_supplement_children.pdf>
Package pdftex.def Info: data/chapter4/figures/circosplot_supplement_children.p
df  used on input line 3325.
(pdftex.def)             Requested size: 360.0pt x 359.97067pt.

Overfull \hbox (0.675pt too wide) in paragraph at lines 3325--3325
[] [] 
 []

[251

] [252 <./data/chapter4/figures/circosplot_supplement_children.pdf>] [253]
<data/chapter4/figures/circosplot_supplement_adolescents.pdf, id=3090, 2168.1pt
 x 2168.1pt>
File: data/chapter4/figures/circosplot_supplement_adolescents.pdf Graphic file 
(type pdf)
<use data/chapter4/figures/circosplot_supplement_adolescents.pdf>
Package pdftex.def Info: data/chapter4/figures/circosplot_supplement_adolescent
s.pdf  used on input line 3334.
(pdftex.def)             Requested size: 360.0pt x 359.97067pt.

Overfull \hbox (0.675pt too wide) in paragraph at lines 3334--3334
[] [] 
 []

[254 <./data/chapter4/figures/circosplot_supplement_adolescents.pdf>]
<data/chapter4/figures/circosplot_supplement_young_adults.pdf, id=3102, 2168.1p
t x 2168.1pt>
File: data/chapter4/figures/circosplot_supplement_young_adults.pdf Graphic file
 (type pdf)
<use data/chapter4/figures/circosplot_supplement_young_adults.pdf>
Package pdftex.def Info: data/chapter4/figures/circosplot_supplement_young_adul
ts.pdf  used on input line 3343.
(pdftex.def)             Requested size: 360.0pt x 359.97067pt.

Overfull \hbox (0.675pt too wide) in paragraph at lines 3343--3343
[] [] 
 []

[255 <./data/chapter4/figures/circosplot_supplement_young_adults.pdf>]
<data/chapter4/figures/circosplot_supplement_adults.pdf, id=3114, 2168.1pt x 21
68.1pt>
File: data/chapter4/figures/circosplot_supplement_adults.pdf Graphic file (type
 pdf)
<use data/chapter4/figures/circosplot_supplement_adults.pdf>
Package pdftex.def Info: data/chapter4/figures/circosplot_supplement_adults.pdf
  used on input line 3352.
(pdftex.def)             Requested size: 360.0pt x 359.97067pt.

Overfull \hbox (0.675pt too wide) in paragraph at lines 3352--3352
[] [] 
 []

[256 <./data/chapter4/figures/circosplot_supplement_adults.pdf>] [257] [258

] [259] [260] [261] [262] [263] [264] [265] [266] [267] [268] [269] [270] [271]

Overfull \hbox (57.44835pt too wide) in alignment at lines 3521--3547
 [] [] [] [] [] [] [] [] [] [] [] [] [] 
 []


Overfull \hbox (57.44835pt too wide) in alignment at lines 3547--3571
 [] [] [] [] [] [] [] [] [] [] [] [] [] 
 []

[272


]
Overfull \hbox (57.44835pt too wide) in alignment at lines 3571--3595
 [] [] [] [] [] [] [] [] [] [] [] [] [] 
 []

[273]
Overfull \hbox (57.44835pt too wide) in alignment at lines 3595--3619
 [] [] [] [] [] [] [] [] [] [] [] [] [] 
 []

[274]
Overfull \hbox (57.44835pt too wide) in alignment at lines 3619--3643
 [] [] [] [] [] [] [] [] [] [] [] [] [] 
 []

[275]
Overfull \hbox (57.44835pt too wide) in alignment at lines 3643--3667
 [] [] [] [] [] [] [] [] [] [] [] [] [] 
 []

[276]
Overfull \hbox (57.44835pt too wide) in alignment at lines 3667--3691
 [] [] [] [] [] [] [] [] [] [] [] [] [] 
 []

[277] [278]
Overfull \hbox (57.44835pt too wide) in alignment at lines 3691--3715
 [] [] [] [] [] [] [] [] [] [] [] [] [] 
 []

[279]
Overfull \hbox (57.44835pt too wide) in alignment at lines 3715--3739
 [] [] [] [] [] [] [] [] [] [] [] [] [] 
 []

[280]
Overfull \hbox (57.44835pt too wide) in alignment at lines 3739--3763
 [] [] [] [] [] [] [] [] [] [] [] [] [] 
 []

[281]
Overfull \hbox (57.44835pt too wide) in alignment at lines 3763--3787
 [] [] [] [] [] [] [] [] [] [] [] [] [] 
 []

[282]
Overfull \hbox (57.44835pt too wide) in alignment at lines 3787--3811
 [] [] [] [] [] [] [] [] [] [] [] [] [] 
 []

[283] [284]
Overfull \hbox (57.44835pt too wide) in alignment at lines 3811--3835
 [] [] [] [] [] [] [] [] [] [] [] [] [] 
 []

[285]
Overfull \hbox (57.44835pt too wide) in alignment at lines 3835--3859
 [] [] [] [] [] [] [] [] [] [] [] [] [] 
 []

[286]
Overfull \hbox (57.44835pt too wide) in alignment at lines 3859--3883
 [] [] [] [] [] [] [] [] [] [] [] [] [] 
 []

[287]
Overfull \hbox (57.44835pt too wide) in alignment at lines 3883--3907
 [] [] [] [] [] [] [] [] [] [] [] [] [] 
 []

[288]
Overfull \hbox (57.44835pt too wide) in alignment at lines 3907--3931
 [] [] [] [] [] [] [] [] [] [] [] [] [] 
 []

[289] [290]
Overfull \hbox (57.44835pt too wide) in alignment at lines 3931--3955
 [] [] [] [] [] [] [] [] [] [] [] [] [] 
 []

[291]
Overfull \hbox (57.44835pt too wide) in alignment at lines 3955--3979
 [] [] [] [] [] [] [] [] [] [] [] [] [] 
 []

[292]
Overfull \hbox (57.44835pt too wide) in alignment at lines 3979--4003
 [] [] [] [] [] [] [] [] [] [] [] [] [] 
 []

[293]
Overfull \hbox (57.44835pt too wide) in alignment at lines 4003--4027
 [] [] [] [] [] [] [] [] [] [] [] [] [] 
 []

[294]
Overfull \hbox (57.44835pt too wide) in alignment at lines 4027--4051
 [] [] [] [] [] [] [] [] [] [] [] [] [] 
 []

[295] [296]
Overfull \hbox (57.44835pt too wide) in alignment at lines 4051--4075
 [] [] [] [] [] [] [] [] [] [] [] [] [] 
 []

[297]
Overfull \hbox (57.44835pt too wide) in alignment at lines 4075--4099
 [] [] [] [] [] [] [] [] [] [] [] [] [] 
 []

[298]
Overfull \hbox (57.44835pt too wide) in alignment at lines 4099--4123
 [] [] [] [] [] [] [] [] [] [] [] [] [] 
 []

[299]
Overfull \hbox (57.44835pt too wide) in alignment at lines 4123--4147
 [] [] [] [] [] [] [] [] [] [] [] [] [] 
 []

[300]
Overfull \hbox (57.44835pt too wide) in alignment at lines 4147--4171
 [] [] [] [] [] [] [] [] [] [] [] [] [] 
 []

[301] [302]
Overfull \hbox (57.44835pt too wide) in alignment at lines 4171--4195
 [] [] [] [] [] [] [] [] [] [] [] [] [] 
 []

[303]
Overfull \hbox (57.44835pt too wide) in alignment at lines 4195--4219
 [] [] [] [] [] [] [] [] [] [] [] [] [] 
 []

[304]
Overfull \hbox (57.44835pt too wide) in alignment at lines 4219--4243
 [] [] [] [] [] [] [] [] [] [] [] [] [] 
 []

[305]
Overfull \hbox (57.44835pt too wide) in alignment at lines 4243--4267
 [] [] [] [] [] [] [] [] [] [] [] [] [] 
 []

[306]
Overfull \hbox (57.44835pt too wide) in alignment at lines 4267--4291
 [] [] [] [] [] [] [] [] [] [] [] [] [] 
 []

[307] [308]
Overfull \hbox (57.44835pt too wide) in alignment at lines 4291--4315
 [] [] [] [] [] [] [] [] [] [] [] [] [] 
 []

[309]
Overfull \hbox (57.44835pt too wide) in alignment at lines 4315--4339
 [] [] [] [] [] [] [] [] [] [] [] [] [] 
 []

[310]
Overfull \hbox (57.44835pt too wide) in alignment at lines 4339--4363
 [] [] [] [] [] [] [] [] [] [] [] [] [] 
 []

[311]
Overfull \hbox (57.44835pt too wide) in alignment at lines 4363--4387
 [] [] [] [] [] [] [] [] [] [] [] [] [] 
 []

[312]
Overfull \hbox (57.44835pt too wide) in alignment at lines 4387--4411
 [] [] [] [] [] [] [] [] [] [] [] [] [] 
 []

[313] [314]
Overfull \hbox (57.44835pt too wide) in alignment at lines 4411--4435
 [] [] [] [] [] [] [] [] [] [] [] [] [] 
 []

[315]
Overfull \hbox (57.44835pt too wide) in alignment at lines 4435--4459
 [] [] [] [] [] [] [] [] [] [] [] [] [] 
 []

[316]
Overfull \hbox (57.44835pt too wide) in alignment at lines 4459--4483
 [] [] [] [] [] [] [] [] [] [] [] [] [] 
 []

[317]
Overfull \hbox (57.44835pt too wide) in alignment at lines 4483--4507
 [] [] [] [] [] [] [] [] [] [] [] [] [] 
 []

[318]
Overfull \hbox (57.44835pt too wide) in alignment at lines 4507--4531
 [] [] [] [] [] [] [] [] [] [] [] [] [] 
 []

[319] [320]
Overfull \hbox (57.44835pt too wide) in alignment at lines 4531--4555
 [] [] [] [] [] [] [] [] [] [] [] [] [] 
 []

[321]
Overfull \hbox (57.44835pt too wide) in alignment at lines 4555--4579
 [] [] [] [] [] [] [] [] [] [] [] [] [] 
 []

[322]
Overfull \hbox (57.44835pt too wide) in alignment at lines 4579--4603
 [] [] [] [] [] [] [] [] [] [] [] [] [] 
 []

[323]
Overfull \hbox (57.44835pt too wide) in alignment at lines 4603--4627
 [] [] [] [] [] [] [] [] [] [] [] [] [] 
 []

[324]
Overfull \hbox (57.44835pt too wide) in alignment at lines 4627--4651
 [] [] [] [] [] [] [] [] [] [] [] [] [] 
 []

[325] [326]
Overfull \hbox (57.44835pt too wide) in alignment at lines 4651--4675
 [] [] [] [] [] [] [] [] [] [] [] [] [] 
 []

[327]
Overfull \hbox (57.44835pt too wide) in alignment at lines 4675--4699
 [] [] [] [] [] [] [] [] [] [] [] [] [] 
 []

[328]
Overfull \hbox (57.44835pt too wide) in alignment at lines 4699--4723
 [] [] [] [] [] [] [] [] [] [] [] [] [] 
 []

[329]
Overfull \hbox (57.44835pt too wide) in alignment at lines 4723--4747
 [] [] [] [] [] [] [] [] [] [] [] [] [] 
 []

[330]
Overfull \hbox (57.44835pt too wide) in alignment at lines 4747--4771
 [] [] [] [] [] [] [] [] [] [] [] [] [] 
 []

[331] [332]
Overfull \hbox (57.44835pt too wide) in alignment at lines 4771--4795
 [] [] [] [] [] [] [] [] [] [] [] [] [] 
 []

[333]
Overfull \hbox (57.44835pt too wide) in alignment at lines 4795--4819
 [] [] [] [] [] [] [] [] [] [] [] [] [] 
 []

[334]
Overfull \hbox (57.44835pt too wide) in alignment at lines 4819--4843
 [] [] [] [] [] [] [] [] [] [] [] [] [] 
 []

[335]
Overfull \hbox (57.44835pt too wide) in alignment at lines 4843--4867
 [] [] [] [] [] [] [] [] [] [] [] [] [] 
 []

[336]
Overfull \hbox (57.44835pt too wide) in alignment at lines 4867--4891
 [] [] [] [] [] [] [] [] [] [] [] [] [] 
 []

[337] [338]
Overfull \hbox (57.44835pt too wide) in alignment at lines 4891--4915
 [] [] [] [] [] [] [] [] [] [] [] [] [] 
 []

[339]
Overfull \hbox (57.44835pt too wide) in alignment at lines 4915--4939
 [] [] [] [] [] [] [] [] [] [] [] [] [] 
 []

[340]
Overfull \hbox (57.44835pt too wide) in alignment at lines 4939--4963
 [] [] [] [] [] [] [] [] [] [] [] [] [] 
 []

[341]
Overfull \hbox (57.44835pt too wide) in alignment at lines 4963--4987
 [] [] [] [] [] [] [] [] [] [] [] [] [] 
 []

[342]
Overfull \hbox (57.44835pt too wide) in alignment at lines 4987--5011
 [] [] [] [] [] [] [] [] [] [] [] [] [] 
 []

[343] [344]
Overfull \hbox (57.44835pt too wide) in alignment at lines 5011--5035
 [] [] [] [] [] [] [] [] [] [] [] [] [] 
 []

[345]
Overfull \hbox (57.44835pt too wide) in alignment at lines 5035--5059
 [] [] [] [] [] [] [] [] [] [] [] [] [] 
 []

[346]
Overfull \hbox (57.44835pt too wide) in alignment at lines 5059--5083
 [] [] [] [] [] [] [] [] [] [] [] [] [] 
 []

[347]
Overfull \hbox (57.44835pt too wide) in alignment at lines 5083--5107
 [] [] [] [] [] [] [] [] [] [] [] [] [] 
 []

[348]
Overfull \hbox (57.44835pt too wide) in alignment at lines 5107--5131
 [] [] [] [] [] [] [] [] [] [] [] [] [] 
 []

[349] [350]
Overfull \hbox (57.44835pt too wide) in alignment at lines 5131--5155
 [] [] [] [] [] [] [] [] [] [] [] [] [] 
 []

[351]
Overfull \hbox (57.44835pt too wide) in alignment at lines 5155--5179
 [] [] [] [] [] [] [] [] [] [] [] [] [] 
 []

[352]
Overfull \hbox (57.44835pt too wide) in alignment at lines 5179--5203
 [] [] [] [] [] [] [] [] [] [] [] [] [] 
 []

[353]
Overfull \hbox (57.44835pt too wide) in alignment at lines 5203--5227
 [] [] [] [] [] [] [] [] [] [] [] [] [] 
 []

[354]
Overfull \hbox (57.44835pt too wide) in alignment at lines 5227--5251
 [] [] [] [] [] [] [] [] [] [] [] [] [] 
 []

[355] [356]
Overfull \hbox (57.44835pt too wide) in alignment at lines 5251--5275
 [] [] [] [] [] [] [] [] [] [] [] [] [] 
 []

[357]
Overfull \hbox (57.44835pt too wide) in alignment at lines 5275--5299
 [] [] [] [] [] [] [] [] [] [] [] [] [] 
 []

[358]
Overfull \hbox (57.44835pt too wide) in alignment at lines 5299--5323
 [] [] [] [] [] [] [] [] [] [] [] [] [] 
 []

[359]
Overfull \hbox (57.44835pt too wide) in alignment at lines 5323--5347
 [] [] [] [] [] [] [] [] [] [] [] [] [] 
 []

[360]
Overfull \hbox (57.44835pt too wide) in alignment at lines 5347--5371
 [] [] [] [] [] [] [] [] [] [] [] [] [] 
 []

[361] [362]
Overfull \hbox (57.44835pt too wide) in alignment at lines 5371--5395
 [] [] [] [] [] [] [] [] [] [] [] [] [] 
 []

[363]
Overfull \hbox (57.44835pt too wide) in alignment at lines 5395--5419
 [] [] [] [] [] [] [] [] [] [] [] [] [] 
 []

[364]
Overfull \hbox (57.44835pt too wide) in alignment at lines 5419--5443
 [] [] [] [] [] [] [] [] [] [] [] [] [] 
 []

[365]
Overfull \hbox (57.44835pt too wide) in alignment at lines 5443--5467
 [] [] [] [] [] [] [] [] [] [] [] [] [] 
 []

[366]
Overfull \hbox (57.44835pt too wide) in alignment at lines 5467--5491
 [] [] [] [] [] [] [] [] [] [] [] [] [] 
 []

[367] [368]
Overfull \hbox (57.44835pt too wide) in alignment at lines 5491--5515
 [] [] [] [] [] [] [] [] [] [] [] [] [] 
 []

[369]
Overfull \hbox (57.44835pt too wide) in alignment at lines 5515--5539
 [] [] [] [] [] [] [] [] [] [] [] [] [] 
 []

[370]
Overfull \hbox (57.44835pt too wide) in alignment at lines 5539--5563
 [] [] [] [] [] [] [] [] [] [] [] [] [] 
 []

[371]
Overfull \hbox (57.44835pt too wide) in alignment at lines 5563--5587
 [] [] [] [] [] [] [] [] [] [] [] [] [] 
 []

[372]
Overfull \hbox (57.44835pt too wide) in alignment at lines 5587--5611
 [] [] [] [] [] [] [] [] [] [] [] [] [] 
 []

[373] [374]
Overfull \hbox (57.44835pt too wide) in alignment at lines 5611--5635
 [] [] [] [] [] [] [] [] [] [] [] [] [] 
 []

[375]
Overfull \hbox (57.44835pt too wide) in alignment at lines 5635--5659
 [] [] [] [] [] [] [] [] [] [] [] [] [] 
 []

[376]
Overfull \hbox (57.44835pt too wide) in alignment at lines 5659--5683
 [] [] [] [] [] [] [] [] [] [] [] [] [] 
 []

[377]
Overfull \hbox (57.44835pt too wide) in alignment at lines 5683--5707
 [] [] [] [] [] [] [] [] [] [] [] [] [] 
 []

[378]
Overfull \hbox (57.44835pt too wide) in alignment at lines 5707--5731
 [] [] [] [] [] [] [] [] [] [] [] [] [] 
 []

[379] [380]
Overfull \hbox (57.44835pt too wide) in alignment at lines 5731--5755
 [] [] [] [] [] [] [] [] [] [] [] [] [] 
 []

[381]
Overfull \hbox (57.44835pt too wide) in alignment at lines 5755--5779
 [] [] [] [] [] [] [] [] [] [] [] [] [] 
 []

[382]
Overfull \hbox (57.44835pt too wide) in alignment at lines 5779--5803
 [] [] [] [] [] [] [] [] [] [] [] [] [] 
 []

[383]
Overfull \hbox (57.44835pt too wide) in alignment at lines 5803--5827
 [] [] [] [] [] [] [] [] [] [] [] [] [] 
 []

[384]
Overfull \hbox (57.44835pt too wide) in alignment at lines 5827--5851
 [] [] [] [] [] [] [] [] [] [] [] [] [] 
 []

[385] [386]
Overfull \hbox (57.44835pt too wide) in alignment at lines 5851--5875
 [] [] [] [] [] [] [] [] [] [] [] [] [] 
 []

[387]
Overfull \hbox (57.44835pt too wide) in alignment at lines 5875--5899
 [] [] [] [] [] [] [] [] [] [] [] [] [] 
 []

[388]
Overfull \hbox (57.44835pt too wide) in alignment at lines 5899--5923
 [] [] [] [] [] [] [] [] [] [] [] [] [] 
 []

[389]
Overfull \hbox (57.44835pt too wide) in alignment at lines 5923--5947
 [] [] [] [] [] [] [] [] [] [] [] [] [] 
 []

[390]
Overfull \hbox (57.44835pt too wide) in alignment at lines 5947--5971
 [] [] [] [] [] [] [] [] [] [] [] [] [] 
 []

[391] [392]
Overfull \hbox (57.44835pt too wide) in alignment at lines 5971--5995
 [] [] [] [] [] [] [] [] [] [] [] [] [] 
 []

[393]
Overfull \hbox (57.44835pt too wide) in alignment at lines 5995--6019
 [] [] [] [] [] [] [] [] [] [] [] [] [] 
 []

[394]
Overfull \hbox (57.44835pt too wide) in alignment at lines 6019--6043
 [] [] [] [] [] [] [] [] [] [] [] [] [] 
 []

[395]
Overfull \hbox (57.44835pt too wide) in alignment at lines 6043--6045
 [] [] [] [] [] [] [] [] [] [] [] [] [] 
 []

[396] [397] [398]
<../../002_adiposity_metabolites/analysis/all_exposures_fstatistics.pdf, id=372
4, 1698.345pt x 722.7pt>
File: ../../002_adiposity_metabolites/analysis/all_exposures_fstatistics.pdf Gr
aphic file (type pdf)
<use ../../002_adiposity_metabolites/analysis/all_exposures_fstatistics.pdf>
Package pdftex.def Info: ../../002_adiposity_metabolites/analysis/all_exposures
_fstatistics.pdf  used on input line 6051.
(pdftex.def)             Requested size: 360.0pt x 153.19402pt.

Overfull \hbox (0.675pt too wide) in paragraph at lines 6051--6051
[] [] 
 []

[399

 <../../002_adiposity_metabolites/analysis/all_exposures_fstatistics.pdf>]pdfTe
X warning (ext4): destination with the same identifier (name{sensitivity-analys
is}) has been already used, duplicate ignored
<to be read again> 
                   \relax 
l.6072 ...y analysis}\label{sensitivity-analysis}}
                                                  
<data/chapter5/figures/sensitivity_analysis_BMI.pdf, id=3739, 2529.45pt x 2529.
45pt>
File: data/chapter5/figures/sensitivity_analysis_BMI.pdf Graphic file (type pdf
)
<use data/chapter5/figures/sensitivity_analysis_BMI.pdf>
Package pdftex.def Info: data/chapter5/figures/sensitivity_analysis_BMI.pdf  us
ed on input line 6079.
(pdftex.def)             Requested size: 360.0pt x 359.98721pt.

Overfull \hbox (0.675pt too wide) in paragraph at lines 6079--6079
[] [] 
 []

<data/chapter5/figures/sensitivity_analysis_WHR.pdf, id=3740, 2529.45pt x 2529.
45pt>
File: data/chapter5/figures/sensitivity_analysis_WHR.pdf Graphic file (type pdf
)
<use data/chapter5/figures/sensitivity_analysis_WHR.pdf>
Package pdftex.def Info: data/chapter5/figures/sensitivity_analysis_WHR.pdf  us
ed on input line 6082.
(pdftex.def)             Requested size: 360.0pt x 359.98721pt.

Overfull \hbox (0.675pt too wide) in paragraph at lines 6082--6082
[] [] 
 []

[400]
File: data/chapter5/figures/sensitivity_analysis_WHR.pdf Graphic file (type pdf
)
<use data/chapter5/figures/sensitivity_analysis_WHR.pdf>
Package pdftex.def Info: data/chapter5/figures/sensitivity_analysis_WHR.pdf  us
ed on input line 6085.
(pdftex.def)             Requested size: 360.0pt x 359.98721pt.

Overfull \hbox (0.675pt too wide) in paragraph at lines 6085--6085
[] [] 
 []

[401 <./data/chapter5/figures/sensitivity_analysis_BMI.pdf>] [402 <./data/chapt
er5/figures/sensitivity_analysis_WHR.pdf>]
<data/chapter5/figures/singlesnp_representative_figure.pdf, id=3768, 597.23125p
t x 845.1575pt>
File: data/chapter5/figures/singlesnp_representative_figure.pdf Graphic file (t
ype pdf)
<use data/chapter5/figures/singlesnp_representative_figure.pdf>
Package pdftex.def Info: data/chapter5/figures/singlesnp_representative_figure.
pdf  used on input line 6090.
(pdftex.def)             Requested size: 360.0pt x 509.4455pt.

Overfull \hbox (0.675pt too wide) in paragraph at lines 6090--6090
[] [] 
 []

<data/chapter5/figures/funnelplot_BMI_APOB_representative_figure.pdf, id=3769, 
505.89pt x 505.89pt>
File: data/chapter5/figures/funnelplot_BMI_APOB_representative_figure.pdf Graph
ic file (type pdf)
<use data/chapter5/figures/funnelplot_BMI_APOB_representative_figure.pdf>
Package pdftex.def Info: data/chapter5/figures/funnelplot_BMI_APOB_representati
ve_figure.pdf  used on input line 6093.
(pdftex.def)             Requested size: 360.0pt x 360.00264pt.

Overfull \hbox (0.675pt too wide) in paragraph at lines 6093--6093
[] [] 
 []

[403]
<data/chapter5/figures/funnelplot_BF_APOB_representative_figure.pdf, id=3776, 5
05.89pt x 505.89pt>
File: data/chapter5/figures/funnelplot_BF_APOB_representative_figure.pdf Graphi
c file (type pdf)
<use data/chapter5/figures/funnelplot_BF_APOB_representative_figure.pdf>
Package pdftex.def Info: data/chapter5/figures/funnelplot_BF_APOB_representativ
e_figure.pdf  used on input line 6096.
(pdftex.def)             Requested size: 360.0pt x 360.00264pt.

Overfull \hbox (0.675pt too wide) in paragraph at lines 6096--6096
[] [] 
 []

[404 <./data/chapter5/figures/singlesnp_representative_figure.pdf>]
<data/chapter5/figures/leaveoneout_BF_representative_figure.pdf, id=3801, 505.8
9pt x 505.89pt>
File: data/chapter5/figures/leaveoneout_BF_representative_figure.pdf Graphic fi
le (type pdf)
<use data/chapter5/figures/leaveoneout_BF_representative_figure.pdf>
Package pdftex.def Info: data/chapter5/figures/leaveoneout_BF_representative_fi
gure.pdf  used on input line 6099.
(pdftex.def)             Requested size: 360.0pt x 360.00264pt.

Overfull \hbox (0.675pt too wide) in paragraph at lines 6099--6099
[] [] 
 []

[405 <./data/chapter5/figures/funnelplot_BMI_APOB_representative_figure.pdf>]
<data/chapter5/figures/leaveoneout_BMI_representative_figure.pdf, id=3832, 505.
89pt x 505.89pt>
File: data/chapter5/figures/leaveoneout_BMI_representative_figure.pdf Graphic f
ile (type pdf)
<use data/chapter5/figures/leaveoneout_BMI_representative_figure.pdf>
Package pdftex.def Info: data/chapter5/figures/leaveoneout_BMI_representative_f
igure.pdf  used on input line 6102.
(pdftex.def)             Requested size: 360.0pt x 360.00264pt.

Overfull \hbox (0.675pt too wide) in paragraph at lines 6102--6102
[] [] 
 []

[406 <./data/chapter5/figures/funnelplot_BF_APOB_representative_figure.pdf>] [4
07 <./data/chapter5/figures/leaveoneout_BF_representative_figure.pdf>] [408 <./
data/chapter5/figures/leaveoneout_BMI_representative_figure.pdf>]
Appendix B.
[409

] [410

]
Appendix C.
LaTeX Font Info:    Trying to load font information for TS1+pcr on input line 6
124.
(/Users/ml16847/Library/TinyTeX/texmf-dist/tex/latex/psnfss/ts1pcr.fd
File: ts1pcr.fd 2001/06/04 font definitions for TS1/pcr.
) [411] [412] [413


] [414] [415] [416] [417] [418] [419] [420]
Underfull \hbox (badness 1715) in paragraph at lines 6343--6345
\T1/ptm/m/n/10.95 metabolic dis-eases. \T1/ptm/m/it/10.95 Best Prac-tice & Re-s
earch Clin-i-cal En-docrinol-ogy &
 []

[421] [422] [423] [424] [425] [426]
Underfull \hbox (badness 1122) in paragraph at lines 6505--6507
[][]\T1/ptm/m/n/10.95 115. Grif-fin, J. L. The Cin-derella story of metabolic p
ro-fil-ing: does
 []

[427] [428] [429] [430] [431]
Underfull \hbox (badness 1048) in paragraph at lines 6607--6609
\T1/ptm/m/n/10.95 Mendelian Ran-dom-iza-tion Anal-y-sis and Ef-fects of Weight 
Change. \T1/ptm/m/it/10.95 PLOS
 []

[432]
Underfull \hbox (badness 1371) in paragraph at lines 6622--6624
\T1/ptm/m/n/10.95 epi-demi-ol-ogy and ge-net-ics. \T1/ptm/m/it/10.95 Cir-cu-la-
tion: Car-dio-vas-cu-lar Ge-net-ics \T1/ptm/m/n/10.95 (2015).
 []

[433] [434] [435] [436] [437] [438] [439] [440

]
Underfull \hbox (badness 2626) in paragraph at lines 6772--6775
\T1/ptm/m/n/12 ```{r ab-bre-vi-a-tions, in-clude=FALSE, echo=FALSE, cache=TRUE}
 li-
 []

[441]
Package atveryend Info: Empty hook `BeforeClearDocument' on input line 6791.
Package atveryend Info: Empty hook `AfterLastShipout' on input line 6791.
(./thesis.aux)
Package atveryend Info: Executing hook `AtVeryEndDocument' on input line 6791.
Package atveryend Info: Executing hook `AtEndAfterFileList' on input line 6791.

Package rerunfilecheck Info: File `thesis.out' has not changed.
(rerunfilecheck)             Checksum: 8F50D513434F28BD551C7A40EB964827;3277.

LaTeX Warning: There were undefined references.


LaTeX Warning: There were multiply-defined labels.

Package atveryend Info: Empty hook `AtVeryVeryEnd' on input line 6791.
 )
(\end occurred inside a group at level 2)

### semi simple group (level 2) entered at line 267 (\begingroup)
### semi simple group (level 1) entered at line 208 (\begingroup)
### bottom level 
Here is how much of TeX's memory you used:
 15148 strings out of 482799
 283722 string characters out of 5954081
 838801 words of memory out of 5000000
 29110 multiletter control sequences out of 15000+600000
 650310 words of font info for 143 fonts, out of 8000000 for 9000
 14 hyphenation exceptions out of 8191
 43i,14n,49p,2030b,2406s stack positions out of 5000i,500n,10000p,200000b,80000s
{/Users/ml16847/Library/TinyTeX/texmf-dist/fonts/enc/dvips/lm/l
m-mathsy.enc}{/Users/ml16847/Library/TinyTeX/texmf-dist/fonts/enc/dvips/base/8r
.enc}{/Users/ml16847/Library/TinyTeX/texmf-dist/fonts/enc/dvips/lm/lm-rm.enc}{/
Users/ml16847/Library/TinyTeX/texmf-dist/fonts/enc/dvips/lm/lm-mathit.enc}</Use
rs/ml16847/Library/TinyTeX/texmf-dist/fonts/type1/public/lm/lmmi10.pfb></Users/
ml16847/Library/TinyTeX/texmf-dist/fonts/type1/public/lm/lmr10.pfb></Users/ml16
847/Library/TinyTeX/texmf-dist/fonts/type1/public/lm/lmr8.pfb></Users/ml16847/L
ibrary/TinyTeX/texmf-dist/fonts/type1/public/lm/lmsy10.pfb></Users/ml16847/Libr
ary/TinyTeX/texmf-dist/fonts/type1/public/lm/lmsy8.pfb></Users/ml16847/Library/
TinyTeX/texmf-dist/fonts/type1/urw/courier/ucrb8a.pfb></Users/ml16847/Library/T
inyTeX/texmf-dist/fonts/type1/urw/courier/ucrr8a.pfb></Users/ml16847/Library/Ti
nyTeX/texmf-dist/fonts/type1/urw/courier/ucrro8a.pfb></Users/ml16847/Library/Ti
nyTeX/texmf-dist/fonts/type1/urw/helvetic/uhvr8a.pfb></Users/ml16847/Library/Ti
nyTeX/texmf-dist/fonts/type1/urw/times/utmb8a.pfb></Users/ml16847/Library/TinyT
eX/texmf-dist/fonts/type1/urw/times/utmbi8a.pfb></Users/ml16847/Library/TinyTeX
/texmf-dist/fonts/type1/urw/times/utmr8a.pfb></Users/ml16847/Library/TinyTeX/te
xmf-dist/fonts/type1/urw/times/utmri8a.pfb>
Output written on thesis.pdf (459 pages, 6545203 bytes).
PDF statistics:
 4389 PDF objects out of 5155 (max. 8388607)
 3698 compressed objects within 37 object streams
 998 named destinations out of 1000 (max. 500000)
 697 words of extra memory for PDF output out of 10000 (max. 10000000)

